<?xml version="1.0" encoding="UTF-8"?>
<!-- Generated by org.testng.reporters.JUnitXMLReporter -->
<testsuite ignored="0" hostname="DESKTOP-DPN1ULJ" failures="1" tests="1" name="Test" time="20.601" errors="0" timestamp="15 1월 2019 05:01:54 GMT">
  <testcase classname="TestExample.TestScript" name="testAccount_termination" time="15.092">
    <failure type="java.lang.IndexOutOfBoundsException" message="Index 17 out-of-bounds for length 1">
      <![CDATA[java.lang.IndexOutOfBoundsException: Index 17 out-of-bounds for length 1
	at java.base/jdk.internal.util.Preconditions.outOfBounds(Preconditions.java:64)
	at java.base/jdk.internal.util.Preconditions.outOfBoundsCheckIndex(Preconditions.java:70)
	at java.base/jdk.internal.util.Preconditions.checkIndex(Preconditions.java:248)
	at java.base/java.util.Objects.checkIndex(Objects.java:372)
	at java.base/java.util.ArrayList.get(ArrayList.java:440)
	at com.codeborne.selenide.impl.ElementFinder.getWebElement(ElementFinder.java:57)
	at com.codeborne.selenide.commands.GetText.execute(GetText.java:21)
	at com.codeborne.selenide.commands.GetText.execute(GetText.java:8)
	at com.codeborne.selenide.commands.Commands.execute(Commands.java:144)
	at com.codeborne.selenide.impl.SelenideElementProxy.dispatchAndRetry(SelenideElementProxy.java:90)
	at com.codeborne.selenide.impl.SelenideElementProxy.invoke(SelenideElementProxy.java:65)
	at com.sun.proxy.$Proxy9.text(Unknown Source)
	at TestExample.TestScript.testAccount_termination(TestScript.java:970)
... Removed 25 stack frames]]>
    </failure>
  </testcase> <!-- testAccount_termination -->
</testsuite> <!-- Test -->
