<?xml version="1.0" encoding="UTF-8"?>
<!-- Generated by org.testng.reporters.JUnitXMLReporter -->
<testsuite ignored="0" hostname="DESKTOP-DPN1ULJ" failures="0" tests="3" name="Test" time="313.359" errors="0" timestamp="10 10월 2018 05:15:15 GMT">
  <testcase classname="TestExample.TestExample" name="뷰필터광고코드설정naver" time="101.229"/>
  <testcase classname="TestExample.TestExample" name="뷰필터광고코드설정daum" time="121.625"/>
  <testcase classname="TestExample.TestExample" name="뷰필터광고코드설정bookmark" time="82.815"/>
</testsuite> <!-- Test -->
