<?xml version="1.0" encoding="UTF-8"?>
<!-- Generated by org.testng.reporters.JUnitXMLReporter -->
<testsuite ignored="0" hostname="AD01598487" failures="1" tests="2" name="Test" time="342.526" errors="0" timestamp="01 12월 2023 00:40:32 GMT">
  <testcase classname="TestExample.BlogTest" name="NA스크립트설치확인" time="333.05">
    <failure type="org.openqa.selenium.TimeoutException" message="Navigation timed out after 300000 ms
Build info: version: &amp;apos;3.12.0&amp;apos;, revision: &amp;apos;7c6e0b3&amp;apos;, time: &amp;apos;2018-05-08T14:04:26.12Z&amp;apos;
System info: host: &amp;apos;AD01598487&amp;apos;, ip: &amp;apos;10.77.129.169&amp;apos;, os.name: &amp;apos;Windows 10&amp;apos;, os.arch: &amp;apos;amd64&amp;apos;, os.version: &amp;apos;10.0&amp;apos;, java.version: &amp;apos;11.0.2&amp;apos;
Driver info: org.openqa.selenium.remote.RemoteWebDriver
selenide.url: http://www.jmella.com
Capabilities {acceptInsecureCerts: true, browserName: firefox, browserVersion: 120.0, javascriptEnabled: true, moz:accessibilityChecks: false, moz:buildID: 20231116134553, moz:geckodriverVersion: 0.24.0, moz:headless: false, moz:platformVersion: 10.0, moz:processID: 29664, moz:profile: C:\Users\NHN\AppData\Local\..., moz:shutdownTimeout: 60000, moz:webdriverClick: true, moz:windowless: false, pageLoadStrategy: normal, platform: WINDOWS, platformName: WINDOWS, proxy: Proxy(), setWindowRect: true, strictFileInteractability: false, timeouts: {implicit: 0, pageLoad: 300000, script: 30000}, unhandledPromptBehavior: dismiss and notify, webdriver.remote.sessionid: daedfb97-7cbb-469f-bef8-722...}
selenide.baseUrl: http://localhost:8080
Session ID: daedfb97-7cbb-469f-bef8-72216ba38059">
      <![CDATA[org.openqa.selenium.TimeoutException: Navigation timed out after 300000 ms
Build info: version: '3.12.0', revision: '7c6e0b3', time: '2018-05-08T14:04:26.12Z'
System info: host: 'AD01598487', ip: '10.77.129.169', os.name: 'Windows 10', os.arch: 'amd64', os.version: '10.0', java.version: '11.0.2'
Driver info: org.openqa.selenium.remote.RemoteWebDriver
selenide.url: http://www.jmella.com
Capabilities {acceptInsecureCerts: true, browserName: firefox, browserVersion: 120.0, javascriptEnabled: true, moz:accessibilityChecks: false, moz:buildID: 20231116134553, moz:geckodriverVersion: 0.24.0, moz:headless: false, moz:platformVersion: 10.0, moz:processID: 29664, moz:profile: C:\Users\NHN\AppData\Local\..., moz:shutdownTimeout: 60000, moz:webdriverClick: true, moz:windowless: false, pageLoadStrategy: normal, platform: WINDOWS, platformName: WINDOWS, proxy: Proxy(), setWindowRect: true, strictFileInteractability: false, timeouts: {implicit: 0, pageLoad: 300000, script: 30000}, unhandledPromptBehavior: dismiss and notify, webdriver.remote.sessionid: daedfb97-7cbb-469f-bef8-722...}
selenide.baseUrl: http://localhost:8080
Session ID: daedfb97-7cbb-469f-bef8-72216ba38059
	at org.openqa.selenium.remote.http.W3CHttpResponseCodec.createException(W3CHttpResponseCodec.java:187)
	at org.openqa.selenium.remote.http.W3CHttpResponseCodec.decode(W3CHttpResponseCodec.java:122)
	at org.openqa.selenium.remote.http.W3CHttpResponseCodec.decode(W3CHttpResponseCodec.java:49)
	at org.openqa.selenium.remote.HttpCommandExecutor.execute(HttpCommandExecutor.java:158)
	at org.openqa.selenium.remote.RemoteWebDriver.execute(RemoteWebDriver.java:543)
	at org.openqa.selenium.remote.RemoteWebDriver.get(RemoteWebDriver.java:271)
	at org.openqa.selenium.remote.RemoteWebDriver$RemoteNavigation.to(RemoteWebDriver.java:848)
	at com.codeborne.selenide.impl.Navigator.navigateToAbsoluteUrl(Navigator.java:69)
	at com.codeborne.selenide.impl.Navigator.open(Navigator.java:32)
	at com.codeborne.selenide.Selenide.open(Selenide.java:95)
	at com.codeborne.selenide.Selenide.open(Selenide.java:69)
	at TestExample.BlogTest.NA스크립트설치확인(BlogTest.java:1472)
... Removed 33 stack frames]]>
    </failure>
  </testcase> <!-- NA스크립트설치확인 -->
  <testcase classname="TestExample.BlogTest" name="import자삭방지" time="1.01"/>
</testsuite> <!-- Test -->
