<?xml version="1.0" encoding="UTF-8"?>
<!-- Generated by org.testng.reporters.JUnitXMLReporter -->
<testsuite ignored="0" hostname="DESKTOP-DPN1ULJ" failures="1" tests="9" name="Test" time="1603.533" errors="0" timestamp="10 10월 2018 06:01:59 GMT">
  <testcase classname="TestExample.TestExample" name="뷰필터광고코드설정naver" time="102.078"/>
  <testcase classname="TestExample.TestExample" name="뷰필터광고코드설정daum" time="114.309"/>
  <testcase classname="TestExample.TestExample" name="뷰필터광고코드설정bookmark" time="85.746"/>
  <testcase classname="TestExample.TestExample" name="뷰필터광고코드설정_네이버블로그" time="283.101"/>
  <testcase classname="TestExample.TestExample" name="뷰필터광고코드설정https_본인url" time="240.608"/>
  <testcase classname="TestExample.TestExample" name="뷰필터광고코드설정http" time="151.616"/>
  <testcase classname="TestExample.TestExample" name="뷰필터광고코드설정https" time="174.396"/>
  <testcase classname="TestExample.TestExample" name="뷰필터광고코드설정1http" time="192.101">
    <failure type="com.codeborne.selenide.ex.InvalidStateException" message="ElementClickInterceptedException: Element &amp;lt;a id=&amp;quot;categoryMar-5&amp;quot; class=&amp;quot;sub5&amp;quot; href=&amp;quot;/search/label/inHouse-Talk?nac_md=sms_mkt&amp;amp;nac_cpi=view500222-4&amp;amp;nac_sm=view_____talk&amp;quot;&amp;gt; is not clickable at point (56.89167022705078,9.5) because another element &amp;lt;header class=&amp;quot;centered-top-container sticky animating&amp;quot;&amp;gt; obscures it
Build info: version: &amp;apos;3.12.0&amp;apos;, revision: &amp;apos;7c6e0b3&amp;apos;, time: &amp;apos;2018-05-08T14:04:26.12Z&amp;apos;
System info: host: &amp;apos;DESKTOP-DPN1ULJ&amp;apos;, ip: &amp;apos;10.77.129.79&amp;apos;, os.name: &amp;apos;Windows 10&amp;apos;, os.arch: &amp;apos;amd64&amp;apos;, os.version: &amp;apos;10.0&amp;apos;, java.version: &amp;apos;9.0.1&amp;apos;
Driver info: org.openqa.selenium.remote.RemoteWebDriver
Capabilities {acceptInsecureCerts: true, browserName: firefox, browserVersion: 62.0.3, javascriptEnabled: true, moz:accessibilityChecks: false, moz:headless: false, moz:processID: 23744, moz:profile: C:\Users\최영권\AppData\Local\..., moz:useNonSpecCompliantPointerOrigin: false, moz:webdriverClick: true, pageLoadStrategy: normal, platform: XP, platformName: XP, platformVersion: 10.0, rotatable: false, timeouts: {implicit: 0, pageLoad: 300000, script: 30000}}
Session ID: 5cd9771e-3af5-4e15-87c3-4b621469401a">
      <![CDATA[org.openqa.selenium.ElementClickInterceptedException: Element <a id="categoryMar-5" class="sub5" href="/search/label/inHouse-Talk?nac_md=sms_mkt&nac_cpi=view500222-4&nac_sm=view_____talk"> is not clickable at point (56.89167022705078,9.5) because another element <header class="centered-top-container sticky animating"> obscures it
Build info: version: '3.12.0', revision: '7c6e0b3', time: '2018-05-08T14:04:26.12Z'
System info: host: 'DESKTOP-DPN1ULJ', ip: '10.77.129.79', os.name: 'Windows 10', os.arch: 'amd64', os.version: '10.0', java.version: '9.0.1'
Driver info: org.openqa.selenium.remote.RemoteWebDriver
Capabilities {acceptInsecureCerts: true, browserName: firefox, browserVersion: 62.0.3, javascriptEnabled: true, moz:accessibilityChecks: false, moz:headless: false, moz:processID: 23744, moz:profile: C:\Users\최영권\AppData\Local\..., moz:useNonSpecCompliantPointerOrigin: false, moz:webdriverClick: true, pageLoadStrategy: normal, platform: XP, platformName: XP, platformVersion: 10.0, rotatable: false, timeouts: {implicit: 0, pageLoad: 300000, script: 30000}}
Session ID: 5cd9771e-3af5-4e15-87c3-4b621469401a
Screenshot: file:/E:/000.%20Selenium/eclipse/eclipse-workspace/BlogTest/build/reports/tests/1539151066348.0.png
Page source: file:/E:/000.%20Selenium/eclipse/eclipse-workspace/BlogTest/build/reports/tests/1539151066348.0.html
Timeout: 4 s.
Caused by: ElementClickInterceptedException: Element <a id="categoryMar-5" class="sub5" href="/search/label/inHouse-Talk?nac_md=sms_mkt&nac_cpi=view500222-4&nac_sm=view_____talk"> is not clickable at point (56.89167022705078,9.5) because another element <header class="centered-top-container sticky animating"> obscures it
	at com.codeborne.selenide.impl.SelenideElementProxy.dispatchAndRetry(SelenideElementProxy.java:116)
	at com.codeborne.selenide.impl.SelenideElementProxy.invoke(SelenideElementProxy.java:65)
	at com.sun.proxy.$Proxy7.click(Unknown Source)
	at TestExample.TestExample.뷰필터광고코드설정1http(TestExample.java:678)
Caused by: org.openqa.selenium.ElementClickInterceptedException: Element <a id="categoryMar-5" class="sub5" href="/search/label/inHouse-Talk?nac_md=sms_mkt&nac_cpi=view500222-4&nac_sm=view_____talk"> is not clickable at point (56.89167022705078,9.5) because another element <header class="centered-top-container sticky animating"> obscures it
Build info: version: '3.12.0', revision: '7c6e0b3', time: '2018-05-08T14:04:26.12Z'
System info: host: 'DESKTOP-DPN1ULJ', ip: '10.77.129.79', os.name: 'Windows 10', os.arch: 'amd64', os.version: '10.0', java.version: '9.0.1'
Driver info: org.openqa.selenium.remote.RemoteWebDriver
Capabilities {acceptInsecureCerts: true, browserName: firefox, browserVersion: 62.0.3, javascriptEnabled: true, moz:accessibilityChecks: false, moz:headless: false, moz:processID: 23744, moz:profile: C:\Users\최영권\AppData\Local\..., moz:useNonSpecCompliantPointerOrigin: false, moz:webdriverClick: true, pageLoadStrategy: normal, platform: XP, platformName: XP, platformVersion: 10.0, rotatable: false, timeouts: {implicit: 0, pageLoad: 300000, script: 30000}}
Session ID: 5cd9771e-3af5-4e15-87c3-4b621469401a
	at org.openqa.selenium.remote.http.W3CHttpResponseCodec.createException(W3CHttpResponseCodec.java:187)
	at org.openqa.selenium.remote.http.W3CHttpResponseCodec.decode(W3CHttpResponseCodec.java:122)
	at org.openqa.selenium.remote.http.W3CHttpResponseCodec.decode(W3CHttpResponseCodec.java:49)
	at org.openqa.selenium.remote.HttpCommandExecutor.execute(HttpCommandExecutor.java:158)
	at org.openqa.selenium.remote.RemoteWebDriver.execute(RemoteWebDriver.java:543)
	at org.openqa.selenium.remote.RemoteWebElement.execute(RemoteWebElement.java:276)
	at org.openqa.selenium.remote.RemoteWebElement.click(RemoteWebElement.java:83)
	at com.codeborne.selenide.commands.Click.click(Click.java:29)
	at com.codeborne.selenide.commands.Click.execute(Click.java:16)
	at com.codeborne.selenide.commands.Click.execute(Click.java:12)
	at com.codeborne.selenide.commands.Commands.execute(Commands.java:144)
	at com.codeborne.selenide.impl.SelenideElementProxy.dispatchAndRetry(SelenideElementProxy.java:90)
	... 32 more
... Removed 32 stack frames]]>
    </failure>
  </testcase> <!-- 뷰필터광고코드설정1http -->
  <testcase classname="TestExample.TestExample" name="뷰필터광고코드설정1https" time="251.122"/>
</testsuite> <!-- Test -->
