<?xml version="1.0" encoding="UTF-8"?>
<!-- Generated by org.testng.reporters.JUnitXMLReporter -->
<testsuite ignored="0" hostname="AD01598487" failures="0" tests="1" name="Test" time="3.096" errors="0" timestamp="2025-04-08T10:07:04 KST">
  <testcase classname="TestExample.BlogTest" name="@BeforeClass beforeTest" time="3.08">
    <failure type="org.openqa.selenium.SessionNotCreatedException" message="session not created: This version of Microsoft Edge WebDriver only supports Microsoft Edge version 133
Current browser version is 135.0.3179.54 with binary path C:\Program Files (x86)\Microsoft\Edge\Application\msedge.exe
Build info: version: &amp;apos;3.141.59&amp;apos;, revision: &amp;apos;e82be7d358&amp;apos;, time: &amp;apos;2018-11-14T08:17:03&amp;apos;
System info: host: &amp;apos;AD01598487&amp;apos;, ip: &amp;apos;10.77.129.169&amp;apos;, os.name: &amp;apos;Windows 10&amp;apos;, os.arch: &amp;apos;amd64&amp;apos;, os.version: &amp;apos;10.0&amp;apos;, java.version: &amp;apos;11.0.2&amp;apos;
Driver info: driver.version: EdgeDriver
remote stacktrace: 	GetHandleVerifier [0x00007FF613C0E6D5+13397]
	Microsoft::Applications::Events::EventProperty::empty [0x00007FF613E9B174+2060308]
	Microsoft::Applications::Events::EventProperty::empty [0x00007FF613DF22D8+1368440]
	(No symbol) [0x00007FF6139D55F9]
	(No symbol) [0x00007FF6139D4AD6]
	(No symbol) [0x00007FF6139D0FEB]
	(No symbol) [0x00007FF6139CA797]
	(No symbol) [0x00007FF613A0FCF4]
	(No symbol) [0x00007FF613A03F33]
	(No symbol) [0x00007FF6139D8B06]
	(No symbol) [0x00007FF6139D7DC0]
	(No symbol) [0x00007FF6139D8933]
	(No symbol) [0x00007FF613A60184]
	(No symbol) [0x00007FF613AF063F]
	(No symbol) [0x00007FF613A639C3]
	Microsoft::Applications::Events::EventProperty::to_string [0x00007FF613F5457D+279981]
	simdutf::get_active_implementation [0x00007FF613B977D1+409489]
	simdutf::get_active_implementation [0x00007FF613B92AB4+389748]
	simdutf::get_active_implementation [0x00007FF613B92BF9+390073]
	simdutf::get_active_implementation [0x00007FF613B861F6+338358]
	BaseThreadInitThunk [0x00007FFCB46C7374+20]
	RtlUserThreadStart [0x00007FFCB4E5CC91+33]
">
      <![CDATA[org.openqa.selenium.SessionNotCreatedException: session not created: This version of Microsoft Edge WebDriver only supports Microsoft Edge version 133
Current browser version is 135.0.3179.54 with binary path C:\Program Files (x86)\Microsoft\Edge\Application\msedge.exe
Build info: version: '3.141.59', revision: 'e82be7d358', time: '2018-11-14T08:17:03'
System info: host: 'AD01598487', ip: '10.77.129.169', os.name: 'Windows 10', os.arch: 'amd64', os.version: '10.0', java.version: '11.0.2'
Driver info: driver.version: EdgeDriver
remote stacktrace: GetHandleVerifier [0x00007FF613C0E6D5+13397]
Microsoft::Applications::Events::EventProperty::empty [0x00007FF613E9B174+2060308]
Microsoft::Applications::Events::EventProperty::empty [0x00007FF613DF22D8+1368440]
(No symbol) [0x00007FF6139D55F9]
(No symbol) [0x00007FF6139D4AD6]
(No symbol) [0x00007FF6139D0FEB]
(No symbol) [0x00007FF6139CA797]
(No symbol) [0x00007FF613A0FCF4]
(No symbol) [0x00007FF613A03F33]
(No symbol) [0x00007FF6139D8B06]
(No symbol) [0x00007FF6139D7DC0]
(No symbol) [0x00007FF6139D8933]
(No symbol) [0x00007FF613A60184]
(No symbol) [0x00007FF613AF063F]
(No symbol) [0x00007FF613A639C3]
Microsoft::Applications::Events::EventProperty::to_string [0x00007FF613F5457D+279981]
simdutf::get_active_implementation [0x00007FF613B977D1+409489]
simdutf::get_active_implementation [0x00007FF613B92AB4+389748]
simdutf::get_active_implementation [0x00007FF613B92BF9+390073]
simdutf::get_active_implementation [0x00007FF613B861F6+338358]
BaseThreadInitThunk [0x00007FFCB46C7374+20]
RtlUserThreadStart [0x00007FFCB4E5CC91+33]

at org.openqa.selenium.remote.W3CHandshakeResponse.lambda$errorHandler$0(W3CHandshakeResponse.java:62)
at org.openqa.selenium.remote.HandshakeResponse.lambda$getResponseFunction$0(HandshakeResponse.java:30)
at org.openqa.selenium.remote.ProtocolHandshake.lambda$createSession$0(ProtocolHandshake.java:126)
at java.base/java.util.stream.ReferencePipeline$3$1.accept(ReferencePipeline.java:195)
at java.base/java.util.Spliterators$ArraySpliterator.tryAdvance(Spliterators.java:958)
at java.base/java.util.stream.ReferencePipeline.forEachWithCancel(ReferencePipeline.java:127)
at java.base/java.util.stream.AbstractPipeline.copyIntoWithCancel(AbstractPipeline.java:502)
at java.base/java.util.stream.AbstractPipeline.copyInto(AbstractPipeline.java:488)
at java.base/java.util.stream.AbstractPipeline.wrapAndCopyInto(AbstractPipeline.java:474)
at java.base/java.util.stream.FindOps$FindOp.evaluateSequential(FindOps.java:150)
at java.base/java.util.stream.AbstractPipeline.evaluate(AbstractPipeline.java:234)
at java.base/java.util.stream.ReferencePipeline.findFirst(ReferencePipeline.java:543)
at org.openqa.selenium.remote.ProtocolHandshake.createSession(ProtocolHandshake.java:128)
at org.openqa.selenium.remote.ProtocolHandshake.createSession(ProtocolHandshake.java:74)
at org.openqa.selenium.remote.HttpCommandExecutor.execute(HttpCommandExecutor.java:136)
at org.openqa.selenium.remote.service.DriverCommandExecutor.execute(DriverCommandExecutor.java:83)
at org.openqa.selenium.remote.RemoteWebDriver.execute(RemoteWebDriver.java:552)
at org.openqa.selenium.remote.RemoteWebDriver.startSession(RemoteWebDriver.java:213)
at org.openqa.selenium.remote.RemoteWebDriver.<init>(RemoteWebDriver.java:131)
at org.openqa.selenium.edge.EdgeDriver.<init>(EdgeDriver.java:141)
at org.openqa.selenium.edge.EdgeDriver.<init>(EdgeDriver.java:130)
at TestExample.BlogTest.getDriver(BlogTest.java:73)
at TestExample.BlogTest.beforeTest(BlogTest.java:54)
at java.base/java.util.ArrayList.forEach(ArrayList.java:1540)
... Removed 33 stack frames]]>
    </failure>
  </testcase> <!-- @BeforeClass beforeTest -->
  <testcase classname="TestExample.BlogTest" name="@AfterClass afterTest" time="0.0">
    <skipped/>
  </testcase> <!-- @AfterClass afterTest -->
  <testcase classname="TestExample.BlogTest" name="다이티카페24로그인후구매" time="0.0">
    <skipped/>
  </testcase> <!-- 다이티카페24로그인후구매 -->
</testsuite> <!-- Test -->
