<?xml version="1.0" encoding="UTF-8"?>
<!-- Generated by org.testng.reporters.JUnitXMLReporter -->
<testsuite hostname="AD01548562" ignored="0" name="Test" tests="4" failures="2" timestamp="11 4월 2022 03:44:50 GMT" time="15276.1" errors="0">
  <testcase name="다이티카페24회원가입" time="22.62" classname="TestExample.BlogTest">
    <failure type="org.openqa.selenium.UnhandledAlertException" message="Dismissed user prompt dialog: test492는 이미 사용중인 아이디입니다.
: 
Build info: version: &amp;apos;3.12.0&amp;apos;, revision: &amp;apos;7c6e0b3&amp;apos;, time: &amp;apos;2018-05-08T14:04:26.12Z&amp;apos;
System info: host: &amp;apos;AD01548562&amp;apos;, ip: &amp;apos;10.77.129.79&amp;apos;, os.name: &amp;apos;Windows 10&amp;apos;, os.arch: &amp;apos;amd64&amp;apos;, os.version: &amp;apos;10.0&amp;apos;, java.version: &amp;apos;1.8.0_212-1-ojdkbuild&amp;apos;
Driver info: org.openqa.selenium.remote.RemoteWebDriver
selenide.url: https://dighty.cafe24.com/exec/front/Member/logout
Capabilities {acceptInsecureCerts: true, browserName: firefox, browserVersion: 97.0, javascriptEnabled: true, moz:accessibilityChecks: false, moz:buildID: 20220202182137, moz:geckodriverVersion: 0.24.0, moz:headless: false, moz:processID: 34968, moz:profile: C:\Users\NHN\AppData\Local\..., moz:shutdownTimeout: 60000, moz:useNonSpecCompliantPointerOrigin: false, moz:webdriverClick: true, pageLoadStrategy: normal, platform: WINDOWS, platformName: WINDOWS, platformVersion: 10.0, proxy: Proxy(), setWindowRect: true, strictFileInteractability: false, timeouts: {implicit: 0, pageLoad: 300000, script: 30000}, unhandledPromptBehavior: dismiss and notify, webdriver.remote.sessionid: 2dbb9fe7-4bea-494c-a446-040...}
selenide.baseUrl: http://localhost:8080
Session ID: 2dbb9fe7-4bea-494c-a446-040aeb30e334">
      <![CDATA[org.openqa.selenium.UnhandledAlertException: Dismissed user prompt dialog: test492는 이미 사용중인 아이디입니다.
: 
Build info: version: '3.12.0', revision: '7c6e0b3', time: '2018-05-08T14:04:26.12Z'
System info: host: 'AD01548562', ip: '10.77.129.79', os.name: 'Windows 10', os.arch: 'amd64', os.version: '10.0', java.version: '1.8.0_212-1-ojdkbuild'
Driver info: org.openqa.selenium.remote.RemoteWebDriver
selenide.url: https://dighty.cafe24.com/exec/front/Member/logout
Capabilities {acceptInsecureCerts: true, browserName: firefox, browserVersion: 97.0, javascriptEnabled: true, moz:accessibilityChecks: false, moz:buildID: 20220202182137, moz:geckodriverVersion: 0.24.0, moz:headless: false, moz:processID: 34968, moz:profile: C:\Users\NHN\AppData\Local\..., moz:shutdownTimeout: 60000, moz:useNonSpecCompliantPointerOrigin: false, moz:webdriverClick: true, pageLoadStrategy: normal, platform: WINDOWS, platformName: WINDOWS, platformVersion: 10.0, proxy: Proxy(), setWindowRect: true, strictFileInteractability: false, timeouts: {implicit: 0, pageLoad: 300000, script: 30000}, unhandledPromptBehavior: dismiss and notify, webdriver.remote.sessionid: 2dbb9fe7-4bea-494c-a446-040...}
selenide.baseUrl: http://localhost:8080
Session ID: 2dbb9fe7-4bea-494c-a446-040aeb30e334
	at org.openqa.selenium.remote.http.W3CHttpResponseCodec.decode(W3CHttpResponseCodec.java:120)
	at org.openqa.selenium.remote.http.W3CHttpResponseCodec.decode(W3CHttpResponseCodec.java:49)
	at org.openqa.selenium.remote.HttpCommandExecutor.execute(HttpCommandExecutor.java:158)
	at org.openqa.selenium.remote.RemoteWebDriver.execute(RemoteWebDriver.java:543)
	at org.openqa.selenium.remote.RemoteWebDriver.execute(RemoteWebDriver.java:600)
	at org.openqa.selenium.remote.RemoteWebDriver.getTitle(RemoteWebDriver.java:275)
	at com.codeborne.selenide.impl.WebDriverThreadLocalContainer.isBrowserStillOpen(WebDriverThreadLocalContainer.java:73)
	at com.codeborne.selenide.impl.WebDriverThreadLocalContainer.getAndCheckWebDriver(WebDriverThreadLocalContainer.java:110)
	at com.codeborne.selenide.WebDriverRunner.getAndCheckWebDriver(WebDriverRunner.java:136)
	at com.codeborne.selenide.impl.Navigator.navigateToAbsoluteUrl(Navigator.java:68)
	at com.codeborne.selenide.impl.Navigator.open(Navigator.java:32)
	at com.codeborne.selenide.Selenide.open(Selenide.java:95)
	at com.codeborne.selenide.Selenide.open(Selenide.java:69)
	at TestExample.BlogTest.다이티카페24회원가입(BlogTest.java:895)
... Removed 29 stack frames]]>
    </failure>
  </testcase> <!-- 다이티카페24회원가입 -->
  <testcase name="다이티카페24회원가입및검색후구매" time="674.24" classname="TestExample.BlogTest"/>
  <testcase name="카페24구매" time="14564.933" classname="TestExample.BlogTest">
    <failure type="com.codeborne.selenide.ex.ElementNotFound" message="Element not found {.theme2[1]}
Expected: visible">
      <![CDATA[Element not found {.theme2[1]}
Expected: visible
Screenshot: file:/D:/000.%20Selenium/eclipse/eclipse-workspace/BlogTest/build/reports/tests/1649648684681.0.png
Page source: file:/D:/000.%20Selenium/eclipse/eclipse-workspace/BlogTest/build/reports/tests/1649648684681.0.html
Timeout: 10 s.
Caused by: java.lang.IndexOutOfBoundsException: Index: 1, Size: 1
	at com.codeborne.selenide.impl.WebElementSource.createElementNotFoundError(WebElementSource.java:31)
	at com.codeborne.selenide.impl.ElementFinder.createElementNotFoundError(ElementFinder.java:82)
	at com.codeborne.selenide.impl.WebElementSource.checkCondition(WebElementSource.java:59)
	at com.codeborne.selenide.commands.Should.should(Should.java:35)
	at com.codeborne.selenide.commands.Should.execute(Should.java:29)
	at com.codeborne.selenide.commands.Should.execute(Should.java:12)
	at com.codeborne.selenide.commands.Commands.execute(Commands.java:144)
	at com.codeborne.selenide.impl.SelenideElementProxy.dispatchAndRetry(SelenideElementProxy.java:90)
	at com.codeborne.selenide.impl.SelenideElementProxy.invoke(SelenideElementProxy.java:65)
	at com.sun.proxy.$Proxy5.waitUntil(Unknown Source)
	at TestExample.BlogTest.카페24구매(BlogTest.java:737)
Caused by: java.lang.IndexOutOfBoundsException: Index: 1, Size: 1
	at java.util.ArrayList.rangeCheck(ArrayList.java:657)
	at java.util.ArrayList.get(ArrayList.java:433)
	at com.codeborne.selenide.impl.ElementFinder.getWebElement(ElementFinder.java:57)
	at com.codeborne.selenide.impl.WebElementSource.checkCondition(WebElementSource.java:44)
	... 37 more
... Removed 29 stack frames]]>
    </failure>
  </testcase> <!-- 카페24구매 -->
  <testcase name="import자삭방지" time="1.002" classname="TestExample.BlogTest"/>
</testsuite> <!-- Test -->
