<?xml version="1.0" encoding="UTF-8"?>
<testng-results total="1" passed="1" failed="0" skipped="0">
  <reporter-output>
  </reporter-output>
  <suite started-at="2018-05-09T07:17:50Z" name="Suite" finished-at="2018-05-09T07:19:25Z" duration-ms="95485">
    <groups>
    </groups>
    <test started-at="2018-05-09T07:17:50Z" name="Test" finished-at="2018-05-09T07:19:25Z" duration-ms="95485">
      <class name="TestExample.TestExample">
        <test-method is-config="true" signature="beforeTest(java.lang.String)[pri:0, instance:TestExample.TestExample@6c6cb480]" started-at="2018-05-09T16:17:50Z" name="beforeTest" finished-at="2018-05-09T16:17:56Z" duration-ms="6370" status="PASS">
          <params>
            <param index="0">
              <value>
                <![CDATA[firefox]]>
              </value>
            </param>
          </params>
          <reporter-output>
          </reporter-output>
        </test-method> <!-- beforeTest -->
        <test-method signature="blogspotTest()[pri:0, instance:TestExample.TestExample@6c6cb480]" started-at="2018-05-09T16:17:56Z" name="blogspotTest" finished-at="2018-05-09T16:19:25Z" duration-ms="88809" status="PASS">
          <reporter-output>
          </reporter-output>
        </test-method> <!-- blogspotTest -->
        <test-method is-config="true" signature="afterTest()[pri:0, instance:TestExample.TestExample@6c6cb480]" started-at="2018-05-09T16:19:25Z" name="afterTest" finished-at="2018-05-09T16:19:25Z" duration-ms="301" status="PASS">
          <reporter-output>
          </reporter-output>
        </test-method> <!-- afterTest -->
      </class> <!-- TestExample.TestExample -->
    </test> <!-- Test -->
  </suite> <!-- Suite -->
</testng-results>
