<?xml version="1.0" encoding="UTF-8"?>
<testng-results ignored="0" total="2" passed="1" failed="1" skipped="0">
  <reporter-output>
  </reporter-output>
  <suite started-at="2023-12-13T23:56:37Z" name="Suite" finished-at="2023-12-14T00:06:38Z" duration-ms="600664">
    <groups>
    </groups>
    <test started-at="2023-12-13T23:56:37Z" name="Test" finished-at="2023-12-14T00:06:38Z" duration-ms="600664">
      <class name="TestExample.BlogTest">
        <test-method is-config="true" signature="beforeTest(java.lang.String)[pri:0, instance:TestExample.BlogTest@4afcd809]" started-at="2023-12-14T08:56:37Z" name="beforeTest" finished-at="2023-12-14T08:56:42Z" duration-ms="5306" status="PASS">
          <params>
            <param index="0">
              <value>
                <![CDATA[firefox]]>
              </value>
            </param>
          </params>
          <reporter-output>
          </reporter-output>
        </test-method> <!-- beforeTest -->
        <test-method signature="다이티카페24로그인후구매()[pri:2, instance:TestExample.BlogTest@4afcd809]" started-at="2023-12-14T08:56:42Z" name="다이티카페24로그인후구매" finished-at="2023-12-14T09:06:32Z" duration-ms="589310" status="FAIL">
          <exception class="com.codeborne.selenide.ex.ElementNotFound">
            <message>
              <![CDATA[Element not found {.gIndent20}
Expected: exist]]>
            </message>
            <full-stacktrace>
              <![CDATA[Element not found {.gIndent20}
Expected: exist
Screenshot: file:/D:/000.%20Selenium/eclipse/eclipse-workspace/BlogTest/build/reports/tests/1702512391962.1.png
Page source: file:/D:/000.%20Selenium/eclipse/eclipse-workspace/BlogTest/build/reports/tests/1702512391962.1.html
Timeout: 4 s.
Caused by: NoSuchElementException: Unable to locate element: .gIndent20
	at com.codeborne.selenide.impl.WebElementSource.createElementNotFoundError(WebElementSource.java:31)
	at com.codeborne.selenide.impl.ElementFinder.createElementNotFoundError(ElementFinder.java:82)
	at com.codeborne.selenide.impl.SelenideElementProxy.dispatchAndRetry(SelenideElementProxy.java:119)
	at com.codeborne.selenide.impl.SelenideElementProxy.invoke(SelenideElementProxy.java:65)
	at com.sun.proxy.$Proxy7.getWrappedElement(Unknown Source)
	at org.openqa.selenium.remote.internal.WebElementToJsonConverter.apply(WebElementToJsonConverter.java:51)
	at java.base/java.util.stream.ReferencePipeline$3$1.accept(ReferencePipeline.java:195)
	at java.base/java.util.Spliterators$ArraySpliterator.forEachRemaining(Spliterators.java:948)
	at java.base/java.util.stream.AbstractPipeline.copyInto(AbstractPipeline.java:484)
	at java.base/java.util.stream.AbstractPipeline.wrapAndCopyInto(AbstractPipeline.java:474)
	at java.base/java.util.stream.ReduceOps$ReduceOp.evaluateSequential(ReduceOps.java:913)
	at java.base/java.util.stream.AbstractPipeline.evaluate(AbstractPipeline.java:234)
	at java.base/java.util.stream.ReferencePipeline.collect(ReferencePipeline.java:578)
	at org.openqa.selenium.remote.RemoteWebDriver.executeScript(RemoteWebDriver.java:475)
	at com.codeborne.selenide.Selenide.executeJavaScript(Selenide.java:481)
	at com.codeborne.selenide.commands.ScrollIntoView.execute(ScrollIntoView.java:14)
	at com.codeborne.selenide.commands.ScrollIntoView.execute(ScrollIntoView.java:10)
	at com.codeborne.selenide.commands.Commands.execute(Commands.java:144)
	at com.codeborne.selenide.impl.SelenideElementProxy.dispatchAndRetry(SelenideElementProxy.java:90)
	at com.codeborne.selenide.impl.SelenideElementProxy.invoke(SelenideElementProxy.java:65)
	at com.sun.proxy.$Proxy7.scrollIntoView(Unknown Source)
	at TestExample.BlogTest.다이티카페24로그인후구매(BlogTest.java:1021)
	at java.base/jdk.internal.reflect.NativeMethodAccessorImpl.invoke0(Native Method)
	at java.base/jdk.internal.reflect.NativeMethodAccessorImpl.invoke(NativeMethodAccessorImpl.java:62)
	at java.base/jdk.internal.reflect.DelegatingMethodAccessorImpl.invoke(DelegatingMethodAccessorImpl.java:43)
	at java.base/java.lang.reflect.Method.invoke(Method.java:566)
	at org.testng.internal.MethodInvocationHelper.invokeMethod(MethodInvocationHelper.java:104)
	at org.testng.internal.Invoker.invokeMethod(Invoker.java:645)
	at org.testng.internal.Invoker.invokeTestMethod(Invoker.java:851)
	at org.testng.internal.Invoker.invokeTestMethods(Invoker.java:1177)
	at org.testng.internal.TestMethodWorker.invokeTestMethods(TestMethodWorker.java:129)
	at org.testng.internal.TestMethodWorker.run(TestMethodWorker.java:112)
	at org.testng.TestRunner.privateRun(TestRunner.java:756)
	at org.testng.TestRunner.run(TestRunner.java:610)
	at org.testng.SuiteRunner.runTest(SuiteRunner.java:387)
	at org.testng.SuiteRunner.runSequentially(SuiteRunner.java:382)
	at org.testng.SuiteRunner.privateRun(SuiteRunner.java:340)
	at org.testng.SuiteRunner.run(SuiteRunner.java:289)
	at org.testng.SuiteRunnerWorker.runSuite(SuiteRunnerWorker.java:52)
	at org.testng.SuiteRunnerWorker.run(SuiteRunnerWorker.java:86)
	at org.testng.TestNG.runSuitesSequentially(TestNG.java:1293)
	at org.testng.TestNG.runSuitesLocally(TestNG.java:1218)
	at org.testng.TestNG.runSuites(TestNG.java:1133)
	at org.testng.TestNG.run(TestNG.java:1104)
	at org.apache.maven.surefire.testng.TestNGExecutor.run(TestNGExecutor.java:283)
	at org.apache.maven.surefire.testng.TestNGXmlTestSuite.execute(TestNGXmlTestSuite.java:75)
	at org.apache.maven.surefire.testng.TestNGProvider.invoke(TestNGProvider.java:120)
	at org.apache.maven.surefire.booter.ForkedBooter.invokeProviderInSameClassLoader(ForkedBooter.java:379)
	at org.apache.maven.surefire.booter.ForkedBooter.runSuitesInProcess(ForkedBooter.java:340)
	at org.apache.maven.surefire.booter.ForkedBooter.execute(ForkedBooter.java:125)
	at org.apache.maven.surefire.booter.ForkedBooter.main(ForkedBooter.java:413)
Caused by: org.openqa.selenium.NoSuchElementException: Unable to locate element: .gIndent20
For documentation on this error, please visit: http://seleniumhq.org/exceptions/no_such_element.html
Build info: version: '3.12.0', revision: '7c6e0b3', time: '2018-05-08T14:04:26.12Z'
System info: host: 'AD01598487', ip: '10.77.129.169', os.name: 'Windows 10', os.arch: 'amd64', os.version: '10.0', java.version: '11.0.2'
Driver info: org.openqa.selenium.remote.RemoteWebDriver
Capabilities {acceptInsecureCerts: true, browserName: firefox, browserVersion: 120.0, javascriptEnabled: true, moz:accessibilityChecks: false, moz:buildID: 20231116134553, moz:geckodriverVersion: 0.24.0, moz:headless: false, moz:platformVersion: 10.0, moz:processID: 16596, moz:profile: C:\Users\NHN\AppData\Local\..., moz:shutdownTimeout: 60000, moz:webdriverClick: true, moz:windowless: false, pageLoadStrategy: normal, platform: WINDOWS, platformName: WINDOWS, proxy: Proxy(), setWindowRect: true, strictFileInteractability: false, timeouts: {implicit: 0, pageLoad: 300000, script: 30000}, unhandledPromptBehavior: dismiss and notify, webdriver.remote.sessionid: 1821aecf-5dab-492b-9c3b-c08...}
Session ID: 1821aecf-5dab-492b-9c3b-c083865f5cc7
*** Element info: {Using=css selector, value=.gIndent20}
	at jdk.internal.reflect.GeneratedConstructorAccessor8.newInstance(Unknown Source)
	at java.base/jdk.internal.reflect.DelegatingConstructorAccessorImpl.newInstance(DelegatingConstructorAccessorImpl.java:45)
	at java.base/java.lang.reflect.Constructor.newInstance(Constructor.java:490)
	at org.openqa.selenium.remote.http.W3CHttpResponseCodec.createException(W3CHttpResponseCodec.java:187)
	at org.openqa.selenium.remote.http.W3CHttpResponseCodec.decode(W3CHttpResponseCodec.java:122)
	at org.openqa.selenium.remote.http.W3CHttpResponseCodec.decode(W3CHttpResponseCodec.java:49)
	at org.openqa.selenium.remote.HttpCommandExecutor.execute(HttpCommandExecutor.java:158)
	at org.openqa.selenium.remote.RemoteWebDriver.execute(RemoteWebDriver.java:543)
	at org.openqa.selenium.remote.RemoteWebDriver.findElement(RemoteWebDriver.java:317)
	at org.openqa.selenium.remote.RemoteWebDriver.findElementByCssSelector(RemoteWebDriver.java:411)
	at org.openqa.selenium.By$ByCssSelector.findElement(By.java:431)
	at org.openqa.selenium.remote.RemoteWebDriver.findElement(RemoteWebDriver.java:309)
	at com.codeborne.selenide.impl.WebElementSelector.findElement(WebElementSelector.java:29)
	at com.codeborne.selenide.impl.ElementFinder.getWebElement(ElementFinder.java:56)
	at com.codeborne.selenide.commands.GetWrappedElement.execute(GetWrappedElement.java:11)
	at com.codeborne.selenide.commands.GetWrappedElement.execute(GetWrappedElement.java:8)
	at com.codeborne.selenide.commands.Commands.execute(Commands.java:144)
	at com.codeborne.selenide.impl.SelenideElementProxy.dispatchAndRetry(SelenideElementProxy.java:90)
	... 48 more
]]>
            </full-stacktrace>
          </exception> <!-- com.codeborne.selenide.ex.ElementNotFound -->
          <reporter-output>
          </reporter-output>
        </test-method> <!-- 다이티카페24로그인후구매 -->
        <test-method signature="import자삭방지()[pri:999, instance:TestExample.BlogTest@4afcd809]" started-at="2023-12-14T09:06:32Z" name="import자삭방지" finished-at="2023-12-14T09:06:33Z" duration-ms="1013" status="PASS">
          <reporter-output>
          </reporter-output>
        </test-method> <!-- import자삭방지 -->
        <test-method is-config="true" signature="afterTest()[pri:0, instance:TestExample.BlogTest@4afcd809]" started-at="2023-12-14T09:06:33Z" name="afterTest" finished-at="2023-12-14T09:06:38Z" duration-ms="5018" status="PASS">
          <reporter-output>
          </reporter-output>
        </test-method> <!-- afterTest -->
      </class> <!-- TestExample.BlogTest -->
    </test> <!-- Test -->
  </suite> <!-- Suite -->
</testng-results>
