<?xml version="1.0" encoding="UTF-8"?>
<testng-results total="2" passed="2" failed="0" skipped="0">
  <reporter-output>
  </reporter-output>
  <suite started-at="2018-01-16T01:12:56Z" name="Suite" finished-at="2018-01-16T01:14:40Z" duration-ms="104397">
    <groups>
    </groups>
    <test started-at="2018-01-16T01:12:56Z" name="Test" finished-at="2018-01-16T01:14:40Z" duration-ms="104397">
      <class name="TestExample.TestExample">
        <test-method is-config="true" signature="beforeTest(java.lang.String)[pri:0, instance:TestExample.TestExample@6c6cb480]" started-at="2018-01-16T10:12:56Z" name="beforeTest" finished-at="2018-01-16T10:13:02Z" duration-ms="5955" status="PASS">
          <params>
            <param index="0">
              <value>
                <![CDATA[chrome]]>
              </value>
            </param>
          </params>
          <reporter-output>
          </reporter-output>
        </test-method> <!-- beforeTest -->
        <test-method signature="blogspotTest()[pri:0, instance:TestExample.TestExample@6c6cb480]" started-at="2018-01-16T10:13:02Z" name="blogspotTest" finished-at="2018-01-16T10:14:21Z" duration-ms="78802" status="PASS">
          <reporter-output>
          </reporter-output>
        </test-method> <!-- blogspotTest -->
        <test-method signature="egloosTest()[pri:1, instance:TestExample.TestExample@6c6cb480]" started-at="2018-01-16T10:14:21Z" name="egloosTest" finished-at="2018-01-16T10:14:40Z" duration-ms="19543" status="PASS">
          <reporter-output>
          </reporter-output>
        </test-method> <!-- egloosTest -->
        <test-method is-config="true" signature="afterTest()[pri:0, instance:TestExample.TestExample@6c6cb480]" started-at="2018-01-16T10:14:40Z" name="afterTest" finished-at="2018-01-16T10:14:40Z" duration-ms="94" status="PASS">
          <reporter-output>
          </reporter-output>
        </test-method> <!-- afterTest -->
      </class> <!-- TestExample.TestExample -->
    </test> <!-- Test -->
  </suite> <!-- Suite -->
</testng-results>
