<?xml version="1.0" encoding="UTF-8"?>
<testng-results total="2" passed="2" failed="0" skipped="0">
  <reporter-output>
  </reporter-output>
  <suite started-at="2018-05-21T03:16:14Z" name="Suite" finished-at="2018-05-21T03:18:37Z" duration-ms="142549">
    <groups>
    </groups>
    <test started-at="2018-05-21T03:16:14Z" name="Test" finished-at="2018-05-21T03:18:37Z" duration-ms="142549">
      <class name="TestExample.TestExample">
        <test-method is-config="true" signature="beforeTest(java.lang.String)[pri:0, instance:TestExample.TestExample@6c6cb480]" started-at="2018-05-21T12:16:14Z" name="beforeTest" finished-at="2018-05-21T12:16:20Z" duration-ms="5810" status="PASS">
          <params>
            <param index="0">
              <value>
                <![CDATA[firefox]]>
              </value>
            </param>
          </params>
          <reporter-output>
          </reporter-output>
        </test-method> <!-- beforeTest -->
        <test-method signature="blogspotTest()[pri:0, instance:TestExample.TestExample@6c6cb480]" started-at="2018-05-21T12:16:20Z" name="blogspotTest" finished-at="2018-05-21T12:17:51Z" duration-ms="90943" status="PASS">
          <reporter-output>
          </reporter-output>
        </test-method> <!-- blogspotTest -->
        <test-method signature="egloosTest()[pri:1, instance:TestExample.TestExample@6c6cb480]" started-at="2018-05-21T12:17:51Z" name="egloosTest" finished-at="2018-05-21T12:18:36Z" duration-ms="45435" status="PASS">
          <reporter-output>
          </reporter-output>
        </test-method> <!-- egloosTest -->
        <test-method is-config="true" signature="afterTest()[pri:0, instance:TestExample.TestExample@6c6cb480]" started-at="2018-05-21T12:18:36Z" name="afterTest" finished-at="2018-05-21T12:18:37Z" duration-ms="355" status="PASS">
          <reporter-output>
          </reporter-output>
        </test-method> <!-- afterTest -->
      </class> <!-- TestExample.TestExample -->
    </test> <!-- Test -->
  </suite> <!-- Suite -->
</testng-results>
