<?xml version="1.0" encoding="UTF-8"?>
<testng-results ignored="0" total="1" passed="0" failed="0" skipped="1">
  <reporter-output>
  </reporter-output>
  <suite started-at="2025-04-08T10:07:01 KST" name="Suite" finished-at="2025-04-08T10:07:04 KST" duration-ms="3096">
    <groups>
    </groups>
    <test started-at="2025-04-08T10:07:01 KST" name="Test" finished-at="2025-04-08T10:07:04 KST" duration-ms="3096">
      <class name="TestExample.BlogTest">
        <test-method is-config="true" signature="beforeTest(java.lang.String)[pri:0, instance:TestExample.BlogTest@4b2a01d4]" started-at="2025-04-08T10:07:01 KST" name="beforeTest" finished-at="2025-04-08T10:07:04 KST" duration-ms="3080" status="FAIL">
          <params>
            <param index="0">
              <value>
                <![CDATA[edge]]>
              </value>
            </param>
          </params>
          <exception class="org.openqa.selenium.SessionNotCreatedException">
            <message>
              <![CDATA[session not created: This version of Microsoft Edge WebDriver only supports Microsoft Edge version 133
Current browser version is 135.0.3179.54 with binary path C:\Program Files (x86)\Microsoft\Edge\Application\msedge.exe
Build info: version: '3.141.59', revision: 'e82be7d358', time: '2018-11-14T08:17:03'
System info: host: 'AD01598487', ip: '10.77.129.169', os.name: 'Windows 10', os.arch: 'amd64', os.version: '10.0', java.version: '11.0.2'
Driver info: driver.version: EdgeDriver
remote stacktrace: GetHandleVerifier [0x00007FF613C0E6D5+13397]
Microsoft::Applications::Events::EventProperty::empty [0x00007FF613E9B174+2060308]
Microsoft::Applications::Events::EventProperty::empty [0x00007FF613DF22D8+1368440]
(No symbol) [0x00007FF6139D55F9]
(No symbol) [0x00007FF6139D4AD6]
(No symbol) [0x00007FF6139D0FEB]
(No symbol) [0x00007FF6139CA797]
(No symbol) [0x00007FF613A0FCF4]
(No symbol) [0x00007FF613A03F33]
(No symbol) [0x00007FF6139D8B06]
(No symbol) [0x00007FF6139D7DC0]
(No symbol) [0x00007FF6139D8933]
(No symbol) [0x00007FF613A60184]
(No symbol) [0x00007FF613AF063F]
(No symbol) [0x00007FF613A639C3]
Microsoft::Applications::Events::EventProperty::to_string [0x00007FF613F5457D+279981]
simdutf::get_active_implementation [0x00007FF613B977D1+409489]
simdutf::get_active_implementation [0x00007FF613B92AB4+389748]
simdutf::get_active_implementation [0x00007FF613B92BF9+390073]
simdutf::get_active_implementation [0x00007FF613B861F6+338358]
BaseThreadInitThunk [0x00007FFCB46C7374+20]
RtlUserThreadStart [0x00007FFCB4E5CC91+33]
]]>
            </message>
            <full-stacktrace>
              <![CDATA[org.openqa.selenium.SessionNotCreatedException: session not created: This version of Microsoft Edge WebDriver only supports Microsoft Edge version 133
Current browser version is 135.0.3179.54 with binary path C:\Program Files (x86)\Microsoft\Edge\Application\msedge.exe
Build info: version: '3.141.59', revision: 'e82be7d358', time: '2018-11-14T08:17:03'
System info: host: 'AD01598487', ip: '10.77.129.169', os.name: 'Windows 10', os.arch: 'amd64', os.version: '10.0', java.version: '11.0.2'
Driver info: driver.version: EdgeDriver
remote stacktrace: GetHandleVerifier [0x00007FF613C0E6D5+13397]
Microsoft::Applications::Events::EventProperty::empty [0x00007FF613E9B174+2060308]
Microsoft::Applications::Events::EventProperty::empty [0x00007FF613DF22D8+1368440]
(No symbol) [0x00007FF6139D55F9]
(No symbol) [0x00007FF6139D4AD6]
(No symbol) [0x00007FF6139D0FEB]
(No symbol) [0x00007FF6139CA797]
(No symbol) [0x00007FF613A0FCF4]
(No symbol) [0x00007FF613A03F33]
(No symbol) [0x00007FF6139D8B06]
(No symbol) [0x00007FF6139D7DC0]
(No symbol) [0x00007FF6139D8933]
(No symbol) [0x00007FF613A60184]
(No symbol) [0x00007FF613AF063F]
(No symbol) [0x00007FF613A639C3]
Microsoft::Applications::Events::EventProperty::to_string [0x00007FF613F5457D+279981]
simdutf::get_active_implementation [0x00007FF613B977D1+409489]
simdutf::get_active_implementation [0x00007FF613B92AB4+389748]
simdutf::get_active_implementation [0x00007FF613B92BF9+390073]
simdutf::get_active_implementation [0x00007FF613B861F6+338358]
BaseThreadInitThunk [0x00007FFCB46C7374+20]
RtlUserThreadStart [0x00007FFCB4E5CC91+33]

at java.base/jdk.internal.reflect.NativeConstructorAccessorImpl.newInstance0(Native Method)
at java.base/jdk.internal.reflect.NativeConstructorAccessorImpl.newInstance(NativeConstructorAccessorImpl.java:62)
at java.base/jdk.internal.reflect.DelegatingConstructorAccessorImpl.newInstance(DelegatingConstructorAccessorImpl.java:45)
at java.base/java.lang.reflect.Constructor.newInstance(Constructor.java:490)
at org.openqa.selenium.remote.W3CHandshakeResponse.lambda$errorHandler$0(W3CHandshakeResponse.java:62)
at org.openqa.selenium.remote.HandshakeResponse.lambda$getResponseFunction$0(HandshakeResponse.java:30)
at org.openqa.selenium.remote.ProtocolHandshake.lambda$createSession$0(ProtocolHandshake.java:126)
at java.base/java.util.stream.ReferencePipeline$3$1.accept(ReferencePipeline.java:195)
at java.base/java.util.Spliterators$ArraySpliterator.tryAdvance(Spliterators.java:958)
at java.base/java.util.stream.ReferencePipeline.forEachWithCancel(ReferencePipeline.java:127)
at java.base/java.util.stream.AbstractPipeline.copyIntoWithCancel(AbstractPipeline.java:502)
at java.base/java.util.stream.AbstractPipeline.copyInto(AbstractPipeline.java:488)
at java.base/java.util.stream.AbstractPipeline.wrapAndCopyInto(AbstractPipeline.java:474)
at java.base/java.util.stream.FindOps$FindOp.evaluateSequential(FindOps.java:150)
at java.base/java.util.stream.AbstractPipeline.evaluate(AbstractPipeline.java:234)
at java.base/java.util.stream.ReferencePipeline.findFirst(ReferencePipeline.java:543)
at org.openqa.selenium.remote.ProtocolHandshake.createSession(ProtocolHandshake.java:128)
at org.openqa.selenium.remote.ProtocolHandshake.createSession(ProtocolHandshake.java:74)
at org.openqa.selenium.remote.HttpCommandExecutor.execute(HttpCommandExecutor.java:136)
at org.openqa.selenium.remote.service.DriverCommandExecutor.execute(DriverCommandExecutor.java:83)
at org.openqa.selenium.remote.RemoteWebDriver.execute(RemoteWebDriver.java:552)
at org.openqa.selenium.remote.RemoteWebDriver.startSession(RemoteWebDriver.java:213)
at org.openqa.selenium.remote.RemoteWebDriver.<init>(RemoteWebDriver.java:131)
at org.openqa.selenium.edge.EdgeDriver.<init>(EdgeDriver.java:141)
at org.openqa.selenium.edge.EdgeDriver.<init>(EdgeDriver.java:130)
at TestExample.BlogTest.getDriver(BlogTest.java:73)
at TestExample.BlogTest.beforeTest(BlogTest.java:54)
at java.base/jdk.internal.reflect.NativeMethodAccessorImpl.invoke0(Native Method)
at java.base/jdk.internal.reflect.NativeMethodAccessorImpl.invoke(NativeMethodAccessorImpl.java:62)
at java.base/jdk.internal.reflect.DelegatingMethodAccessorImpl.invoke(DelegatingMethodAccessorImpl.java:43)
at java.base/java.lang.reflect.Method.invoke(Method.java:566)
at org.testng.internal.invokers.MethodInvocationHelper.invokeMethod(MethodInvocationHelper.java:135)
at org.testng.internal.invokers.MethodInvocationHelper.invokeMethodConsideringTimeout(MethodInvocationHelper.java:65)
at org.testng.internal.invokers.ConfigInvoker.invokeConfigurationMethod(ConfigInvoker.java:381)
at org.testng.internal.invokers.ConfigInvoker.invokeConfigurations(ConfigInvoker.java:319)
at org.testng.internal.invokers.TestMethodWorker.invokeBeforeClassMethods(TestMethodWorker.java:178)
at org.testng.internal.invokers.TestMethodWorker.run(TestMethodWorker.java:122)
at java.base/java.util.ArrayList.forEach(ArrayList.java:1540)
at org.testng.TestRunner.privateRun(TestRunner.java:808)
at org.testng.TestRunner.run(TestRunner.java:603)
at org.testng.SuiteRunner.runTest(SuiteRunner.java:429)
at org.testng.SuiteRunner.runSequentially(SuiteRunner.java:423)
at org.testng.SuiteRunner.privateRun(SuiteRunner.java:383)
at org.testng.SuiteRunner.run(SuiteRunner.java:326)
at org.testng.SuiteRunnerWorker.runSuite(SuiteRunnerWorker.java:52)
at org.testng.SuiteRunnerWorker.run(SuiteRunnerWorker.java:95)
at org.testng.TestNG.runSuitesSequentially(TestNG.java:1249)
at org.testng.TestNG.runSuitesLocally(TestNG.java:1169)
at org.testng.TestNG.runSuites(TestNG.java:1092)
at org.testng.TestNG.run(TestNG.java:1060)
at org.apache.maven.surefire.testng.TestNGExecutor.run(TestNGExecutor.java:283)
at org.apache.maven.surefire.testng.TestNGXmlTestSuite.execute(TestNGXmlTestSuite.java:75)
at org.apache.maven.surefire.testng.TestNGProvider.invoke(TestNGProvider.java:120)
at org.apache.maven.surefire.booter.ForkedBooter.invokeProviderInSameClassLoader(ForkedBooter.java:384)
at org.apache.maven.surefire.booter.ForkedBooter.runSuitesInProcess(ForkedBooter.java:345)
at org.apache.maven.surefire.booter.ForkedBooter.execute(ForkedBooter.java:126)
at org.apache.maven.surefire.booter.ForkedBooter.main(ForkedBooter.java:418)
]]>
            </full-stacktrace>
          </exception> <!-- org.openqa.selenium.SessionNotCreatedException -->
          <reporter-output>
          </reporter-output>
        </test-method> <!-- beforeTest -->
        <test-method signature="다이티카페24로그인후구매()[pri:2, instance:TestExample.BlogTest@4b2a01d4]" started-at="2025-04-08T10:07:04 KST" name="다이티카페24로그인후구매" finished-at="2025-04-08T10:07:04 KST" duration-ms="0" status="SKIP">
          <exception class="org.openqa.selenium.SessionNotCreatedException">
            <message>
              <![CDATA[session not created: This version of Microsoft Edge WebDriver only supports Microsoft Edge version 133
Current browser version is 135.0.3179.54 with binary path C:\Program Files (x86)\Microsoft\Edge\Application\msedge.exe
Build info: version: '3.141.59', revision: 'e82be7d358', time: '2018-11-14T08:17:03'
System info: host: 'AD01598487', ip: '10.77.129.169', os.name: 'Windows 10', os.arch: 'amd64', os.version: '10.0', java.version: '11.0.2'
Driver info: driver.version: EdgeDriver
remote stacktrace: GetHandleVerifier [0x00007FF613C0E6D5+13397]
Microsoft::Applications::Events::EventProperty::empty [0x00007FF613E9B174+2060308]
Microsoft::Applications::Events::EventProperty::empty [0x00007FF613DF22D8+1368440]
(No symbol) [0x00007FF6139D55F9]
(No symbol) [0x00007FF6139D4AD6]
(No symbol) [0x00007FF6139D0FEB]
(No symbol) [0x00007FF6139CA797]
(No symbol) [0x00007FF613A0FCF4]
(No symbol) [0x00007FF613A03F33]
(No symbol) [0x00007FF6139D8B06]
(No symbol) [0x00007FF6139D7DC0]
(No symbol) [0x00007FF6139D8933]
(No symbol) [0x00007FF613A60184]
(No symbol) [0x00007FF613AF063F]
(No symbol) [0x00007FF613A639C3]
Microsoft::Applications::Events::EventProperty::to_string [0x00007FF613F5457D+279981]
simdutf::get_active_implementation [0x00007FF613B977D1+409489]
simdutf::get_active_implementation [0x00007FF613B92AB4+389748]
simdutf::get_active_implementation [0x00007FF613B92BF9+390073]
simdutf::get_active_implementation [0x00007FF613B861F6+338358]
BaseThreadInitThunk [0x00007FFCB46C7374+20]
RtlUserThreadStart [0x00007FFCB4E5CC91+33]
]]>
            </message>
            <full-stacktrace>
              <![CDATA[org.openqa.selenium.SessionNotCreatedException: session not created: This version of Microsoft Edge WebDriver only supports Microsoft Edge version 133
Current browser version is 135.0.3179.54 with binary path C:\Program Files (x86)\Microsoft\Edge\Application\msedge.exe
Build info: version: '3.141.59', revision: 'e82be7d358', time: '2018-11-14T08:17:03'
System info: host: 'AD01598487', ip: '10.77.129.169', os.name: 'Windows 10', os.arch: 'amd64', os.version: '10.0', java.version: '11.0.2'
Driver info: driver.version: EdgeDriver
remote stacktrace: GetHandleVerifier [0x00007FF613C0E6D5+13397]
Microsoft::Applications::Events::EventProperty::empty [0x00007FF613E9B174+2060308]
Microsoft::Applications::Events::EventProperty::empty [0x00007FF613DF22D8+1368440]
(No symbol) [0x00007FF6139D55F9]
(No symbol) [0x00007FF6139D4AD6]
(No symbol) [0x00007FF6139D0FEB]
(No symbol) [0x00007FF6139CA797]
(No symbol) [0x00007FF613A0FCF4]
(No symbol) [0x00007FF613A03F33]
(No symbol) [0x00007FF6139D8B06]
(No symbol) [0x00007FF6139D7DC0]
(No symbol) [0x00007FF6139D8933]
(No symbol) [0x00007FF613A60184]
(No symbol) [0x00007FF613AF063F]
(No symbol) [0x00007FF613A639C3]
Microsoft::Applications::Events::EventProperty::to_string [0x00007FF613F5457D+279981]
simdutf::get_active_implementation [0x00007FF613B977D1+409489]
simdutf::get_active_implementation [0x00007FF613B92AB4+389748]
simdutf::get_active_implementation [0x00007FF613B92BF9+390073]
simdutf::get_active_implementation [0x00007FF613B861F6+338358]
BaseThreadInitThunk [0x00007FFCB46C7374+20]
RtlUserThreadStart [0x00007FFCB4E5CC91+33]

at java.base/jdk.internal.reflect.NativeConstructorAccessorImpl.newInstance0(Native Method)
at java.base/jdk.internal.reflect.NativeConstructorAccessorImpl.newInstance(NativeConstructorAccessorImpl.java:62)
at java.base/jdk.internal.reflect.DelegatingConstructorAccessorImpl.newInstance(DelegatingConstructorAccessorImpl.java:45)
at java.base/java.lang.reflect.Constructor.newInstance(Constructor.java:490)
at org.openqa.selenium.remote.W3CHandshakeResponse.lambda$errorHandler$0(W3CHandshakeResponse.java:62)
at org.openqa.selenium.remote.HandshakeResponse.lambda$getResponseFunction$0(HandshakeResponse.java:30)
at org.openqa.selenium.remote.ProtocolHandshake.lambda$createSession$0(ProtocolHandshake.java:126)
at java.base/java.util.stream.ReferencePipeline$3$1.accept(ReferencePipeline.java:195)
at java.base/java.util.Spliterators$ArraySpliterator.tryAdvance(Spliterators.java:958)
at java.base/java.util.stream.ReferencePipeline.forEachWithCancel(ReferencePipeline.java:127)
at java.base/java.util.stream.AbstractPipeline.copyIntoWithCancel(AbstractPipeline.java:502)
at java.base/java.util.stream.AbstractPipeline.copyInto(AbstractPipeline.java:488)
at java.base/java.util.stream.AbstractPipeline.wrapAndCopyInto(AbstractPipeline.java:474)
at java.base/java.util.stream.FindOps$FindOp.evaluateSequential(FindOps.java:150)
at java.base/java.util.stream.AbstractPipeline.evaluate(AbstractPipeline.java:234)
at java.base/java.util.stream.ReferencePipeline.findFirst(ReferencePipeline.java:543)
at org.openqa.selenium.remote.ProtocolHandshake.createSession(ProtocolHandshake.java:128)
at org.openqa.selenium.remote.ProtocolHandshake.createSession(ProtocolHandshake.java:74)
at org.openqa.selenium.remote.HttpCommandExecutor.execute(HttpCommandExecutor.java:136)
at org.openqa.selenium.remote.service.DriverCommandExecutor.execute(DriverCommandExecutor.java:83)
at org.openqa.selenium.remote.RemoteWebDriver.execute(RemoteWebDriver.java:552)
at org.openqa.selenium.remote.RemoteWebDriver.startSession(RemoteWebDriver.java:213)
at org.openqa.selenium.remote.RemoteWebDriver.<init>(RemoteWebDriver.java:131)
at org.openqa.selenium.edge.EdgeDriver.<init>(EdgeDriver.java:141)
at org.openqa.selenium.edge.EdgeDriver.<init>(EdgeDriver.java:130)
at TestExample.BlogTest.getDriver(BlogTest.java:73)
at TestExample.BlogTest.beforeTest(BlogTest.java:54)
at java.base/jdk.internal.reflect.NativeMethodAccessorImpl.invoke0(Native Method)
at java.base/jdk.internal.reflect.NativeMethodAccessorImpl.invoke(NativeMethodAccessorImpl.java:62)
at java.base/jdk.internal.reflect.DelegatingMethodAccessorImpl.invoke(DelegatingMethodAccessorImpl.java:43)
at java.base/java.lang.reflect.Method.invoke(Method.java:566)
at org.testng.internal.invokers.MethodInvocationHelper.invokeMethod(MethodInvocationHelper.java:135)
at org.testng.internal.invokers.MethodInvocationHelper.invokeMethodConsideringTimeout(MethodInvocationHelper.java:65)
at org.testng.internal.invokers.ConfigInvoker.invokeConfigurationMethod(ConfigInvoker.java:381)
at org.testng.internal.invokers.ConfigInvoker.invokeConfigurations(ConfigInvoker.java:319)
at org.testng.internal.invokers.TestMethodWorker.invokeBeforeClassMethods(TestMethodWorker.java:178)
at org.testng.internal.invokers.TestMethodWorker.run(TestMethodWorker.java:122)
at java.base/java.util.ArrayList.forEach(ArrayList.java:1540)
at org.testng.TestRunner.privateRun(TestRunner.java:808)
at org.testng.TestRunner.run(TestRunner.java:603)
at org.testng.SuiteRunner.runTest(SuiteRunner.java:429)
at org.testng.SuiteRunner.runSequentially(SuiteRunner.java:423)
at org.testng.SuiteRunner.privateRun(SuiteRunner.java:383)
at org.testng.SuiteRunner.run(SuiteRunner.java:326)
at org.testng.SuiteRunnerWorker.runSuite(SuiteRunnerWorker.java:52)
at org.testng.SuiteRunnerWorker.run(SuiteRunnerWorker.java:95)
at org.testng.TestNG.runSuitesSequentially(TestNG.java:1249)
at org.testng.TestNG.runSuitesLocally(TestNG.java:1169)
at org.testng.TestNG.runSuites(TestNG.java:1092)
at org.testng.TestNG.run(TestNG.java:1060)
at org.apache.maven.surefire.testng.TestNGExecutor.run(TestNGExecutor.java:283)
at org.apache.maven.surefire.testng.TestNGXmlTestSuite.execute(TestNGXmlTestSuite.java:75)
at org.apache.maven.surefire.testng.TestNGProvider.invoke(TestNGProvider.java:120)
at org.apache.maven.surefire.booter.ForkedBooter.invokeProviderInSameClassLoader(ForkedBooter.java:384)
at org.apache.maven.surefire.booter.ForkedBooter.runSuitesInProcess(ForkedBooter.java:345)
at org.apache.maven.surefire.booter.ForkedBooter.execute(ForkedBooter.java:126)
at org.apache.maven.surefire.booter.ForkedBooter.main(ForkedBooter.java:418)
]]>
            </full-stacktrace>
          </exception> <!-- org.openqa.selenium.SessionNotCreatedException -->
          <reporter-output>
          </reporter-output>
        </test-method> <!-- 다이티카페24로그인후구매 -->
        <test-method is-config="true" signature="afterTest()[pri:0, instance:TestExample.BlogTest@4b2a01d4]" started-at="2025-04-08T10:07:04 KST" name="afterTest" finished-at="2025-04-08T10:07:04 KST" duration-ms="0" status="SKIP">
          <reporter-output>
          </reporter-output>
        </test-method> <!-- afterTest -->
      </class> <!-- TestExample.BlogTest -->
    </test> <!-- Test -->
  </suite> <!-- Suite -->
</testng-results>
