<?xml version="1.0" encoding="UTF-8"?>
<testng-results ignored="0" total="1" passed="1" failed="0" skipped="0">
  <reporter-output>
  </reporter-output>
  <suite started-at="2018-11-28T01:52:44Z" name="Suite" finished-at="2018-11-28T01:58:34Z" duration-ms="349947">
    <groups>
    </groups>
    <test started-at="2018-11-28T01:52:44Z" name="Test" finished-at="2018-11-28T01:58:34Z" duration-ms="349947">
      <class name="TestExample.BlogTest">
        <test-method is-config="true" signature="beforeTest(java.lang.String)[pri:0, instance:TestExample.BlogTest@75d4a5c2]" started-at="2018-11-28T10:52:44Z" name="beforeTest" finished-at="2018-11-28T10:52:51Z" duration-ms="7167" status="PASS">
          <params>
            <param index="0">
              <value>
                <![CDATA[firefox]]>
              </value>
            </param>
          </params>
          <reporter-output>
          </reporter-output>
        </test-method> <!-- beforeTest -->
        <test-method signature="도메인변경인덱스정보업데이트()[pri:0, instance:TestExample.BlogTest@75d4a5c2]" started-at="2018-11-28T10:52:51Z" name="도메인변경인덱스정보업데이트" finished-at="2018-11-28T10:58:33Z" duration-ms="342195" status="PASS">
          <reporter-output>
          </reporter-output>
        </test-method> <!-- 도메인변경인덱스정보업데이트 -->
        <test-method is-config="true" signature="afterTest()[pri:0, instance:TestExample.BlogTest@75d4a5c2]" started-at="2018-11-28T10:58:33Z" name="afterTest" finished-at="2018-11-28T10:58:34Z" duration-ms="572" status="PASS">
          <reporter-output>
          </reporter-output>
        </test-method> <!-- afterTest -->
      </class> <!-- TestExample.BlogTest -->
    </test> <!-- Test -->
  </suite> <!-- Suite -->
</testng-results>
