<?xml version="1.0" encoding="UTF-8"?>
<testsuite xmlns:xsi="http://www.w3.org/2001/XMLSchema-instance" xsi:noNamespaceSchemaLocation="https://maven.apache.org/surefire/maven-surefire-plugin/xsd/surefire-test-report.xsd" name="TestSuite" time="872.796" tests="2" errors="0" skipped="0" failures="1">
  <properties>
[...]
</properties>
  <testcase name="다이티카페24로그인후구매" classname="TestExample.BlogTest" time="859.257">
    <failure message="Element not found {.btnSubmitFix}&#10;Expected: visible" type="com.codeborne.selenide.ex.ElementNotFound">com.codeborne.selenide.ex.ElementNotFound: 
Element not found {.btnSubmitFix}
Expected: visible
	at TestExample.BlogTest.다이티카페24로그인후구매(BlogTest.java:1016)
Caused by: org.openqa.selenium.NoSuchElementException: 
Unable to locate element: .btnSubmitFix
For documentation on this error, please visit: http://seleniumhq.org/exceptions/no_such_element.html
Build info: version: '3.12.0', revision: '7c6e0b3', time: '2018-05-08T14:04:26.12Z'
System info: host: 'AD01598487', ip: '10.77.129.169', os.name: 'Windows 10', os.arch: 'amd64', os.version: '10.0', java.version: '11.0.2'
Driver info: org.openqa.selenium.remote.RemoteWebDriver
Capabilities {acceptInsecureCerts: true, browserName: firefox, browserVersion: 120.0, javascriptEnabled: true, moz:accessibilityChecks: false, moz:buildID: 20231116134553, moz:geckodriverVersion: 0.24.0, moz:headless: false, moz:platformVersion: 10.0, moz:processID: 28652, moz:profile: C:\Users\NHN\AppData\Local\..., moz:shutdownTimeout: 60000, moz:webdriverClick: true, moz:windowless: false, pageLoadStrategy: normal, platform: WINDOWS, platformName: WINDOWS, proxy: Proxy(), setWindowRect: true, strictFileInteractability: false, timeouts: {implicit: 0, pageLoad: 300000, script: 30000}, unhandledPromptBehavior: dismiss and notify, webdriver.remote.sessionid: dd528ee2-0e90-4ecb-984e-c9d...}
Session ID: dd528ee2-0e90-4ecb-984e-c9d8d3b9a852
*** Element info: {Using=css selector, value=.btnSubmitFix}
	at TestExample.BlogTest.다이티카페24로그인후구매(BlogTest.java:1016)
</failure>
    <system-out><![CDATA[test703 구매 시작
test703 로그인 완료
test703 // 1 상품 상세 페이지 접근
test703 // 4 상품 수량 설정
test703 장바구니 담기 완료
장바구니 페이지 스크롤 이동
주문서작성 페이지 스크롤 이동
test703 구매 완료
1번째 구매 완료
test1488 구매 시작
test1488 로그인 완료
test1488 // 1 상품 상세 페이지 접근
test1488 // 2 상품 수량 설정
test1488 장바구니 담기 완료
장바구니 페이지 스크롤 이동
주문서작성 페이지 스크롤 이동
test1488 구매 완료
2번째 구매 완료
test1668 구매 시작
test1668 로그인 완료
test1668 // 2 상품 상세 페이지 접근
test1668 // 6 상품 수량 설정
test1668 장바구니 담기 완료
장바구니 페이지 스크롤 이동
주문서작성 페이지 스크롤 이동
test1668 구매 완료
3번째 구매 완료
test63 구매 시작
test63 로그인 완료
test63 // 6 상품 상세 페이지 접근
test63 // 5 상품 수량 설정
test63 장바구니 담기 완료
장바구니 페이지 스크롤 이동
주문서작성 페이지 스크롤 이동
test63 구매 완료
4번째 구매 완료
test1954 구매 시작
test1954 로그인 완료
test1954 // 4 상품 상세 페이지 접근
test1954 // 3 상품 수량 설정
test1954 장바구니 담기 완료
장바구니 페이지 스크롤 이동
주문서작성 페이지 스크롤 이동
test1954 구매 완료
5번째 구매 완료
test560 구매 시작
test560 로그인 완료
test560 // 5 상품 상세 페이지 접근
test560 // 6 상품 수량 설정
test560 장바구니 담기 완료
장바구니 페이지 스크롤 이동
주문서작성 페이지 스크롤 이동
test560 구매 완료
6번째 구매 완료
test1001 구매 시작
test1001 로그인 완료
test1001 // 1 상품 상세 페이지 접근
test1001 // 0 상품 수량 설정
test1001 장바구니 담기 완료
장바구니 페이지 스크롤 이동
주문서작성 페이지 스크롤 이동
test1001 구매 완료
7번째 구매 완료
test613 구매 시작
test613 로그인 완료
test613 // 4 상품 상세 페이지 접근
test613 // 4 상품 수량 설정
test613 장바구니 담기 완료
장바구니 페이지 스크롤 이동
주문서작성 페이지 스크롤 이동
test613 구매 완료
8번째 구매 완료
test1984 구매 시작
test1984 로그인 완료
test1984 // 4 상품 상세 페이지 접근
test1984 // 1 상품 수량 설정
test1984 장바구니 담기 완료
장바구니 페이지 스크롤 이동
주문서작성 페이지 스크롤 이동
test1984 구매 완료
9번째 구매 완료
test960 구매 시작
test960 로그인 완료
test960 // 4 상품 상세 페이지 접근
test960 // 5 상품 수량 설정
test960 장바구니 담기 완료
장바구니 페이지 스크롤 이동
주문서작성 페이지 스크롤 이동
test960 구매 완료
10번째 구매 완료
test61 구매 시작
test61 로그인 완료
test61 // 2 상품 상세 페이지 접근
test61 // 2 상품 수량 설정
test61 장바구니 담기 완료
장바구니 페이지 스크롤 이동
주문서작성 페이지 스크롤 이동
test61 구매 완료
11번째 구매 완료
test939 구매 시작
test939 로그인 완료
test939 // 1 상품 상세 페이지 접근
test939 // 1 상품 수량 설정
test939 장바구니 담기 완료
장바구니 페이지 스크롤 이동
주문서작성 페이지 스크롤 이동
test939 구매 완료
12번째 구매 완료
test704 구매 시작
test704 로그인 완료
test704 // 0 상품 상세 페이지 접근
test704 // 0 상품 수량 설정
test704 장바구니 담기 완료
장바구니 페이지 스크롤 이동
주문서작성 페이지 스크롤 이동
test704 구매 완료
13번째 구매 완료
test1143 구매 시작
test1143 로그인 완료
test1143 // 1 상품 상세 페이지 접근
test1143 // 5 상품 수량 설정
test1143 장바구니 담기 완료
장바구니 페이지 스크롤 이동
주문서작성 페이지 스크롤 이동
test1143 구매 완료
14번째 구매 완료
test1565 구매 시작
test1565 로그인 완료
test1565 // 0 상품 상세 페이지 접근
test1565 // 6 상품 수량 설정
test1565 장바구니 담기 완료
장바구니 페이지 스크롤 이동
주문서작성 페이지 스크롤 이동
test1565 구매 완료
15번째 구매 완료
test1741 구매 시작
test1741 로그인 완료
test1741 // 6 상품 상세 페이지 접근
test1741 // 4 상품 수량 설정
test1741 장바구니 담기 완료
장바구니 페이지 스크롤 이동
주문서작성 페이지 스크롤 이동
test1741 구매 완료
16번째 구매 완료
test1108 구매 시작
test1108 로그인 완료
test1108 // 5 상품 상세 페이지 접근
test1108 // 0 상품 수량 설정
test1108 장바구니 담기 완료
장바구니 페이지 스크롤 이동
주문서작성 페이지 스크롤 이동
test1108 구매 완료
17번째 구매 완료
test3 구매 시작
test3 로그인 완료
test3 // 2 상품 상세 페이지 접근
test3 // 6 상품 수량 설정
test3 장바구니 담기 완료
장바구니 페이지 스크롤 이동
주문서작성 페이지 스크롤 이동
test3 구매 완료
18번째 구매 완료
test1509 구매 시작
test1509 로그인 완료
test1509 // 0 상품 상세 페이지 접근
test1509 // 4 상품 수량 설정
test1509 장바구니 담기 완료
장바구니 페이지 스크롤 이동
주문서작성 페이지 스크롤 이동
test1509 구매 완료
19번째 구매 완료
test260 구매 시작
test260 로그인 완료
test260 // 2 상품 상세 페이지 접근
test260 // 5 상품 수량 설정
test260 장바구니 담기 완료
장바구니 페이지 스크롤 이동
주문서작성 페이지 스크롤 이동
test260 구매 완료
20번째 구매 완료
test1322 구매 시작
test1322 로그인 완료
test1322 // 5 상품 상세 페이지 접근
test1322 // 6 상품 수량 설정
test1322 장바구니 담기 완료
장바구니 페이지 스크롤 이동
주문서작성 페이지 스크롤 이동
test1322 구매 완료
21번째 구매 완료
test126 구매 시작
test126 로그인 완료
test126 // 2 상품 상세 페이지 접근
test126 // 4 상품 수량 설정
test126 장바구니 담기 완료
장바구니 페이지 스크롤 이동
주문서작성 페이지 스크롤 이동
test126 구매 완료
22번째 구매 완료
test809 구매 시작
test809 로그인 완료
test809 // 2 상품 상세 페이지 접근
test809 // 3 상품 수량 설정
test809 장바구니 담기 완료
장바구니 페이지 스크롤 이동
주문서작성 페이지 스크롤 이동
test809 구매 완료
23번째 구매 완료
test286 구매 시작
test286 로그인 완료
test286 // 5 상품 상세 페이지 접근
test286 // 6 상품 수량 설정
test286 장바구니 담기 완료
장바구니 페이지 스크롤 이동
주문서작성 페이지 스크롤 이동
test286 구매 완료
24번째 구매 완료
test980 구매 시작
test980 로그인 완료
test980 // 6 상품 상세 페이지 접근
test980 // 4 상품 수량 설정
test980 장바구니 담기 완료
장바구니 페이지 스크롤 이동
주문서작성 페이지 스크롤 이동
test980 구매 완료
25번째 구매 완료
test1793 구매 시작
test1793 로그인 완료
test1793 // 6 상품 상세 페이지 접근
test1793 // 5 상품 수량 설정
test1793 장바구니 담기 완료
장바구니 페이지 스크롤 이동
주문서작성 페이지 스크롤 이동
test1793 구매 완료
26번째 구매 완료
test73 구매 시작
test73 로그인 완료
test73 // 0 상품 상세 페이지 접근
test73 // 5 상품 수량 설정
test73 장바구니 담기 완료
장바구니 페이지 스크롤 이동
주문서작성 페이지 스크롤 이동
test73 구매 완료
27번째 구매 완료
test869 구매 시작
test869 로그인 완료
test869 // 6 상품 상세 페이지 접근
test869 // 0 상품 수량 설정
test869 장바구니 담기 완료
장바구니 페이지 스크롤 이동
주문서작성 페이지 스크롤 이동
test869 구매 완료
28번째 구매 완료
test808 구매 시작
test808 로그인 완료
test808 // 0 상품 상세 페이지 접근
test808 // 1 상품 수량 설정
test808 장바구니 담기 완료
장바구니 페이지 스크롤 이동
주문서작성 페이지 스크롤 이동
test808 구매 완료
29번째 구매 완료
test913 구매 시작
test913 로그인 완료
test913 // 5 상품 상세 페이지 접근
test913 // 2 상품 수량 설정
test913 장바구니 담기 완료
장바구니 페이지 스크롤 이동
주문서작성 페이지 스크롤 이동
test913 구매 완료
30번째 구매 완료
test1022 구매 시작
test1022 로그인 완료
test1022 // 4 상품 상세 페이지 접근
test1022 // 5 상품 수량 설정
test1022 장바구니 담기 완료
장바구니 페이지 스크롤 이동
주문서작성 페이지 스크롤 이동
test1022 구매 완료
31번째 구매 완료
test1092 구매 시작
test1092 로그인 완료
test1092 // 5 상품 상세 페이지 접근
test1092 // 0 상품 수량 설정
test1092 장바구니 담기 완료
장바구니 페이지 스크롤 이동
주문서작성 페이지 스크롤 이동
test1092 구매 완료
32번째 구매 완료
test1934 구매 시작
test1934 로그인 완료
test1934 // 2 상품 상세 페이지 접근
test1934 // 2 상품 수량 설정
test1934 장바구니 담기 완료
장바구니 페이지 스크롤 이동
주문서작성 페이지 스크롤 이동
test1934 구매 완료
33번째 구매 완료
test1790 구매 시작
test1790 로그인 완료
test1790 // 2 상품 상세 페이지 접근
test1790 // 2 상품 수량 설정
test1790 장바구니 담기 완료
장바구니 페이지 스크롤 이동
주문서작성 페이지 스크롤 이동
test1790 구매 완료
34번째 구매 완료
test1241 구매 시작
test1241 로그인 완료
test1241 // 3 상품 상세 페이지 접근
test1241 // 3 상품 수량 설정
test1241 장바구니 담기 완료
장바구니 페이지 스크롤 이동
주문서작성 페이지 스크롤 이동
test1241 구매 완료
35번째 구매 완료
test1784 구매 시작
test1784 로그인 완료
test1784 // 2 상품 상세 페이지 접근
test1784 // 2 상품 수량 설정
test1784 장바구니 담기 완료
장바구니 페이지 스크롤 이동
주문서작성 페이지 스크롤 이동
test1784 구매 완료
36번째 구매 완료
test730 구매 시작
test730 로그인 완료
test730 // 5 상품 상세 페이지 접근
test730 // 2 상품 수량 설정
test730 장바구니 담기 완료
장바구니 페이지 스크롤 이동
주문서작성 페이지 스크롤 이동
test730 구매 완료
37번째 구매 완료
test1678 구매 시작
test1678 로그인 완료
test1678 // 2 상품 상세 페이지 접근
test1678 // 1 상품 수량 설정
test1678 장바구니 담기 완료
장바구니 페이지 스크롤 이동
주문서작성 페이지 스크롤 이동
test1678 구매 완료
38번째 구매 완료
test346 구매 시작
test346 로그인 완료
test346 // 5 상품 상세 페이지 접근
test346 // 5 상품 수량 설정
test346 장바구니 담기 완료
장바구니 페이지 스크롤 이동
주문서작성 페이지 스크롤 이동
test346 구매 완료
39번째 구매 완료
test1486 구매 시작
test1486 로그인 완료
test1486 // 4 상품 상세 페이지 접근
test1486 // 5 상품 수량 설정
test1486 장바구니 담기 완료
장바구니 페이지 스크롤 이동
주문서작성 페이지 스크롤 이동
test1486 구매 완료
40번째 구매 완료
test603 구매 시작
test603 로그인 완료
test603 // 5 상품 상세 페이지 접근
test603 // 2 상품 수량 설정
test603 장바구니 담기 완료
장바구니 페이지 스크롤 이동
주문서작성 페이지 스크롤 이동
test603 구매 완료
41번째 구매 완료
test1571 구매 시작
test1571 로그인 완료
test1571 // 3 상품 상세 페이지 접근
test1571 // 6 상품 수량 설정
test1571 장바구니 담기 완료
장바구니 페이지 스크롤 이동
]]></system-out>
    <system-err><![CDATA[12월 19, 2023 11:16:17 오전 org.openqa.selenium.remote.DesiredCapabilities firefox
INFO: Using `new FirefoxOptions()` is preferred to `DesiredCapabilities.firefox()`
12월 19, 2023 11:16:23 오전 org.openqa.selenium.remote.ProtocolHandshake createSession
INFO: Detected dialect: W3C
]]></system-err>
  </testcase>
  <testcase name="import자삭방지" classname="TestExample.BlogTest" time="1.009"/>
</testsuite>