<?xml version="1.0" encoding="UTF-8"?>
<testng-results ignored="0" total="2" passed="2" failed="0" skipped="0">
  <reporter-output>
  </reporter-output>
  <suite started-at="2018-05-23T01:42:00Z" name="Suite" finished-at="2018-05-23T01:44:45Z" duration-ms="164855">
    <groups>
    </groups>
    <test started-at="2018-05-23T01:42:00Z" name="Test" finished-at="2018-05-23T01:44:45Z" duration-ms="164855">
      <class name="TestExample.TestExample">
        <test-method is-config="true" signature="beforeTest(java.lang.String)[pri:0, instance:TestExample.TestExample@4afcd809]" started-at="2018-05-23T10:42:00Z" name="beforeTest" finished-at="2018-05-23T10:42:06Z" duration-ms="5349" status="PASS">
          <params>
            <param index="0">
              <value>
                <![CDATA[firefox]]>
              </value>
            </param>
          </params>
          <reporter-output>
          </reporter-output>
        </test-method> <!-- beforeTest -->
        <test-method signature="blogspotTest()[pri:0, instance:TestExample.TestExample@4afcd809]" started-at="2018-05-23T10:42:06Z" name="blogspotTest" finished-at="2018-05-23T10:43:35Z" duration-ms="89593" status="PASS">
          <reporter-output>
          </reporter-output>
        </test-method> <!-- blogspotTest -->
        <test-method signature="egloosTest()[pri:1, instance:TestExample.TestExample@4afcd809]" started-at="2018-05-23T10:43:35Z" name="egloosTest" finished-at="2018-05-23T10:44:45Z" duration-ms="69518" status="PASS">
          <reporter-output>
          </reporter-output>
        </test-method> <!-- egloosTest -->
        <test-method is-config="true" signature="afterTest()[pri:0, instance:TestExample.TestExample@4afcd809]" started-at="2018-05-23T10:44:45Z" name="afterTest" finished-at="2018-05-23T10:44:45Z" duration-ms="387" status="PASS">
          <reporter-output>
          </reporter-output>
        </test-method> <!-- afterTest -->
      </class> <!-- TestExample.TestExample -->
    </test> <!-- Test -->
  </suite> <!-- Suite -->
</testng-results>
