<?xml version="1.0" encoding="UTF-8"?>
<testng-results ignored="0" total="9" passed="8" failed="1" skipped="0">
  <reporter-output>
  </reporter-output>
  <suite started-at="2018-10-10T05:35:16Z" name="Suite" finished-at="2018-10-10T06:01:59Z" duration-ms="1603533">
    <groups>
    </groups>
    <test started-at="2018-10-10T05:35:16Z" name="Test" finished-at="2018-10-10T06:01:59Z" duration-ms="1603533">
      <class name="TestExample.TestExample">
        <test-method is-config="true" signature="beforeTest(java.lang.String)[pri:0, instance:TestExample.TestExample@2d1ef81a]" started-at="2018-10-10T14:35:16Z" name="beforeTest" finished-at="2018-10-10T14:35:22Z" duration-ms="6236" status="PASS">
          <params>
            <param index="0">
              <value>
                <![CDATA[firefox]]>
              </value>
            </param>
          </params>
          <reporter-output>
          </reporter-output>
        </test-method> <!-- beforeTest -->
        <test-method signature="뷰필터광고코드설정naver()[pri:0, instance:TestExample.TestExample@2d1ef81a]" started-at="2018-10-10T14:35:22Z" name="뷰필터광고코드설정naver" finished-at="2018-10-10T14:37:04Z" duration-ms="102078" status="PASS">
          <reporter-output>
          </reporter-output>
        </test-method> <!-- 뷰필터광고코드설정naver -->
        <test-method signature="뷰필터광고코드설정daum()[pri:1, instance:TestExample.TestExample@2d1ef81a]" started-at="2018-10-10T14:37:04Z" name="뷰필터광고코드설정daum" finished-at="2018-10-10T14:38:59Z" duration-ms="114309" status="PASS">
          <reporter-output>
          </reporter-output>
        </test-method> <!-- 뷰필터광고코드설정daum -->
        <test-method signature="뷰필터광고코드설정bookmark()[pri:2, instance:TestExample.TestExample@2d1ef81a]" started-at="2018-10-10T14:38:59Z" name="뷰필터광고코드설정bookmark" finished-at="2018-10-10T14:40:24Z" duration-ms="85746" status="PASS">
          <reporter-output>
          </reporter-output>
        </test-method> <!-- 뷰필터광고코드설정bookmark -->
        <test-method signature="뷰필터광고코드설정_네이버블로그()[pri:3, instance:TestExample.TestExample@2d1ef81a]" started-at="2018-10-10T14:40:24Z" name="뷰필터광고코드설정_네이버블로그" finished-at="2018-10-10T14:45:07Z" duration-ms="283101" status="PASS">
          <reporter-output>
          </reporter-output>
        </test-method> <!-- 뷰필터광고코드설정_네이버블로그 -->
        <test-method signature="뷰필터광고코드설정https_본인url()[pri:4, instance:TestExample.TestExample@2d1ef81a]" started-at="2018-10-10T14:45:07Z" name="뷰필터광고코드설정https_본인url" finished-at="2018-10-10T14:49:08Z" duration-ms="240608" status="PASS">
          <reporter-output>
          </reporter-output>
        </test-method> <!-- 뷰필터광고코드설정https_본인url -->
        <test-method signature="뷰필터광고코드설정http()[pri:5, instance:TestExample.TestExample@2d1ef81a]" started-at="2018-10-10T14:49:08Z" name="뷰필터광고코드설정http" finished-at="2018-10-10T14:51:40Z" duration-ms="151616" status="PASS">
          <reporter-output>
          </reporter-output>
        </test-method> <!-- 뷰필터광고코드설정http -->
        <test-method signature="뷰필터광고코드설정https()[pri:6, instance:TestExample.TestExample@2d1ef81a]" started-at="2018-10-10T14:51:40Z" name="뷰필터광고코드설정https" finished-at="2018-10-10T14:54:34Z" duration-ms="174396" status="PASS">
          <reporter-output>
          </reporter-output>
        </test-method> <!-- 뷰필터광고코드설정https -->
        <test-method signature="뷰필터광고코드설정1http()[pri:7, instance:TestExample.TestExample@2d1ef81a]" started-at="2018-10-10T14:54:34Z" name="뷰필터광고코드설정1http" finished-at="2018-10-10T14:57:46Z" duration-ms="192101" status="FAIL">
          <exception class="com.codeborne.selenide.ex.InvalidStateException">
            <message>
              <![CDATA[ElementClickInterceptedException: Element <a id="categoryMar-5" class="sub5" href="/search/label/inHouse-Talk?nac_md=sms_mkt&nac_cpi=view500222-4&nac_sm=view_____talk"> is not clickable at point (56.89167022705078,9.5) because another element <header class="centered-top-container sticky animating"> obscures it
Build info: version: '3.12.0', revision: '7c6e0b3', time: '2018-05-08T14:04:26.12Z'
System info: host: 'DESKTOP-DPN1ULJ', ip: '10.77.129.79', os.name: 'Windows 10', os.arch: 'amd64', os.version: '10.0', java.version: '9.0.1'
Driver info: org.openqa.selenium.remote.RemoteWebDriver
Capabilities {acceptInsecureCerts: true, browserName: firefox, browserVersion: 62.0.3, javascriptEnabled: true, moz:accessibilityChecks: false, moz:headless: false, moz:processID: 23744, moz:profile: C:\Users\최영권\AppData\Local\..., moz:useNonSpecCompliantPointerOrigin: false, moz:webdriverClick: true, pageLoadStrategy: normal, platform: XP, platformName: XP, platformVersion: 10.0, rotatable: false, timeouts: {implicit: 0, pageLoad: 300000, script: 30000}}
Session ID: 5cd9771e-3af5-4e15-87c3-4b621469401a]]>
            </message>
            <full-stacktrace>
              <![CDATA[org.openqa.selenium.ElementClickInterceptedException: Element <a id="categoryMar-5" class="sub5" href="/search/label/inHouse-Talk?nac_md=sms_mkt&nac_cpi=view500222-4&nac_sm=view_____talk"> is not clickable at point (56.89167022705078,9.5) because another element <header class="centered-top-container sticky animating"> obscures it
Build info: version: '3.12.0', revision: '7c6e0b3', time: '2018-05-08T14:04:26.12Z'
System info: host: 'DESKTOP-DPN1ULJ', ip: '10.77.129.79', os.name: 'Windows 10', os.arch: 'amd64', os.version: '10.0', java.version: '9.0.1'
Driver info: org.openqa.selenium.remote.RemoteWebDriver
Capabilities {acceptInsecureCerts: true, browserName: firefox, browserVersion: 62.0.3, javascriptEnabled: true, moz:accessibilityChecks: false, moz:headless: false, moz:processID: 23744, moz:profile: C:\Users\최영권\AppData\Local\..., moz:useNonSpecCompliantPointerOrigin: false, moz:webdriverClick: true, pageLoadStrategy: normal, platform: XP, platformName: XP, platformVersion: 10.0, rotatable: false, timeouts: {implicit: 0, pageLoad: 300000, script: 30000}}
Session ID: 5cd9771e-3af5-4e15-87c3-4b621469401a
Screenshot: file:/E:/000.%20Selenium/eclipse/eclipse-workspace/BlogTest/build/reports/tests/1539151066348.0.png
Page source: file:/E:/000.%20Selenium/eclipse/eclipse-workspace/BlogTest/build/reports/tests/1539151066348.0.html
Timeout: 4 s.
Caused by: ElementClickInterceptedException: Element <a id="categoryMar-5" class="sub5" href="/search/label/inHouse-Talk?nac_md=sms_mkt&nac_cpi=view500222-4&nac_sm=view_____talk"> is not clickable at point (56.89167022705078,9.5) because another element <header class="centered-top-container sticky animating"> obscures it
	at com.codeborne.selenide.impl.SelenideElementProxy.dispatchAndRetry(SelenideElementProxy.java:116)
	at com.codeborne.selenide.impl.SelenideElementProxy.invoke(SelenideElementProxy.java:65)
	at com.sun.proxy.$Proxy7.click(Unknown Source)
	at TestExample.TestExample.뷰필터광고코드설정1http(TestExample.java:678)
	at java.base/jdk.internal.reflect.NativeMethodAccessorImpl.invoke0(Native Method)
	at java.base/jdk.internal.reflect.NativeMethodAccessorImpl.invoke(NativeMethodAccessorImpl.java:62)
	at java.base/jdk.internal.reflect.DelegatingMethodAccessorImpl.invoke(DelegatingMethodAccessorImpl.java:43)
	at java.base/java.lang.reflect.Method.invoke(Method.java:564)
	at org.testng.internal.MethodInvocationHelper.invokeMethod(MethodInvocationHelper.java:104)
	at org.testng.internal.Invoker.invokeMethod(Invoker.java:645)
	at org.testng.internal.Invoker.invokeTestMethod(Invoker.java:851)
	at org.testng.internal.Invoker.invokeTestMethods(Invoker.java:1177)
	at org.testng.internal.TestMethodWorker.invokeTestMethods(TestMethodWorker.java:129)
	at org.testng.internal.TestMethodWorker.run(TestMethodWorker.java:112)
	at org.testng.TestRunner.privateRun(TestRunner.java:756)
	at org.testng.TestRunner.run(TestRunner.java:610)
	at org.testng.SuiteRunner.runTest(SuiteRunner.java:387)
	at org.testng.SuiteRunner.runSequentially(SuiteRunner.java:382)
	at org.testng.SuiteRunner.privateRun(SuiteRunner.java:340)
	at org.testng.SuiteRunner.run(SuiteRunner.java:289)
	at org.testng.SuiteRunnerWorker.runSuite(SuiteRunnerWorker.java:52)
	at org.testng.SuiteRunnerWorker.run(SuiteRunnerWorker.java:86)
	at org.testng.TestNG.runSuitesSequentially(TestNG.java:1293)
	at org.testng.TestNG.runSuitesLocally(TestNG.java:1218)
	at org.testng.TestNG.runSuites(TestNG.java:1133)
	at org.testng.TestNG.run(TestNG.java:1104)
	at org.apache.maven.surefire.testng.TestNGExecutor.run(TestNGExecutor.java:283)
	at org.apache.maven.surefire.testng.TestNGXmlTestSuite.execute(TestNGXmlTestSuite.java:75)
	at org.apache.maven.surefire.testng.TestNGProvider.invoke(TestNGProvider.java:120)
	at org.apache.maven.surefire.booter.ForkedBooter.invokeProviderInSameClassLoader(ForkedBooter.java:379)
	at org.apache.maven.surefire.booter.ForkedBooter.runSuitesInProcess(ForkedBooter.java:340)
	at org.apache.maven.surefire.booter.ForkedBooter.execute(ForkedBooter.java:125)
	at org.apache.maven.surefire.booter.ForkedBooter.main(ForkedBooter.java:413)
Caused by: org.openqa.selenium.ElementClickInterceptedException: Element <a id="categoryMar-5" class="sub5" href="/search/label/inHouse-Talk?nac_md=sms_mkt&nac_cpi=view500222-4&nac_sm=view_____talk"> is not clickable at point (56.89167022705078,9.5) because another element <header class="centered-top-container sticky animating"> obscures it
Build info: version: '3.12.0', revision: '7c6e0b3', time: '2018-05-08T14:04:26.12Z'
System info: host: 'DESKTOP-DPN1ULJ', ip: '10.77.129.79', os.name: 'Windows 10', os.arch: 'amd64', os.version: '10.0', java.version: '9.0.1'
Driver info: org.openqa.selenium.remote.RemoteWebDriver
Capabilities {acceptInsecureCerts: true, browserName: firefox, browserVersion: 62.0.3, javascriptEnabled: true, moz:accessibilityChecks: false, moz:headless: false, moz:processID: 23744, moz:profile: C:\Users\최영권\AppData\Local\..., moz:useNonSpecCompliantPointerOrigin: false, moz:webdriverClick: true, pageLoadStrategy: normal, platform: XP, platformName: XP, platformVersion: 10.0, rotatable: false, timeouts: {implicit: 0, pageLoad: 300000, script: 30000}}
Session ID: 5cd9771e-3af5-4e15-87c3-4b621469401a
	at jdk.internal.reflect.GeneratedConstructorAccessor9.newInstance(Unknown Source)
	at java.base/jdk.internal.reflect.DelegatingConstructorAccessorImpl.newInstance(DelegatingConstructorAccessorImpl.java:45)
	at java.base/java.lang.reflect.Constructor.newInstance(Constructor.java:488)
	at org.openqa.selenium.remote.http.W3CHttpResponseCodec.createException(W3CHttpResponseCodec.java:187)
	at org.openqa.selenium.remote.http.W3CHttpResponseCodec.decode(W3CHttpResponseCodec.java:122)
	at org.openqa.selenium.remote.http.W3CHttpResponseCodec.decode(W3CHttpResponseCodec.java:49)
	at org.openqa.selenium.remote.HttpCommandExecutor.execute(HttpCommandExecutor.java:158)
	at org.openqa.selenium.remote.RemoteWebDriver.execute(RemoteWebDriver.java:543)
	at org.openqa.selenium.remote.RemoteWebElement.execute(RemoteWebElement.java:276)
	at org.openqa.selenium.remote.RemoteWebElement.click(RemoteWebElement.java:83)
	at com.codeborne.selenide.commands.Click.click(Click.java:29)
	at com.codeborne.selenide.commands.Click.execute(Click.java:16)
	at com.codeborne.selenide.commands.Click.execute(Click.java:12)
	at com.codeborne.selenide.commands.Commands.execute(Commands.java:144)
	at com.codeborne.selenide.impl.SelenideElementProxy.dispatchAndRetry(SelenideElementProxy.java:90)
	... 32 more
]]>
            </full-stacktrace>
          </exception> <!-- com.codeborne.selenide.ex.InvalidStateException -->
          <reporter-output>
          </reporter-output>
        </test-method> <!-- 뷰필터광고코드설정1http -->
        <test-method signature="뷰필터광고코드설정1https()[pri:8, instance:TestExample.TestExample@2d1ef81a]" started-at="2018-10-10T14:57:46Z" name="뷰필터광고코드설정1https" finished-at="2018-10-10T15:01:57Z" duration-ms="251122" status="PASS">
          <reporter-output>
          </reporter-output>
        </test-method> <!-- 뷰필터광고코드설정1https -->
        <test-method is-config="true" signature="afterTest()[pri:0, instance:TestExample.TestExample@2d1ef81a]" started-at="2018-10-10T15:01:57Z" name="afterTest" finished-at="2018-10-10T15:01:59Z" duration-ms="2200" status="PASS">
          <reporter-output>
          </reporter-output>
        </test-method> <!-- afterTest -->
      </class> <!-- TestExample.TestExample -->
    </test> <!-- Test -->
  </suite> <!-- Suite -->
</testng-results>
