<?xml version="1.0" encoding="UTF-8"?>
<testng-results ignored="0" total="2" passed="2" failed="0" skipped="0">
  <reporter-output>
  </reporter-output>
  <suite started-at="2023-12-01T01:05:34Z" name="Suite" finished-at="2023-12-01T01:19:30Z" duration-ms="835556">
    <groups>
    </groups>
    <test started-at="2023-12-01T01:05:34Z" name="Test" finished-at="2023-12-01T01:19:30Z" duration-ms="835556">
      <class name="TestExample.BlogTest">
        <test-method is-config="true" signature="beforeTest(java.lang.String)[pri:0, instance:TestExample.BlogTest@4afcd809]" started-at="2023-12-01T10:05:34Z" name="beforeTest" finished-at="2023-12-01T10:05:38Z" duration-ms="3988" status="PASS">
          <params>
            <param index="0">
              <value>
                <![CDATA[firefox]]>
              </value>
            </param>
          </params>
          <reporter-output>
          </reporter-output>
        </test-method> <!-- beforeTest -->
        <test-method signature="NA스크립트설치확인()[pri:0, instance:TestExample.BlogTest@4afcd809]" started-at="2023-12-01T10:05:38Z" name="NA스크립트설치확인" finished-at="2023-12-01T10:19:24Z" duration-ms="825547" status="PASS">
          <reporter-output>
          </reporter-output>
        </test-method> <!-- NA스크립트설치확인 -->
        <test-method signature="import자삭방지()[pri:999, instance:TestExample.BlogTest@4afcd809]" started-at="2023-12-01T10:19:24Z" name="import자삭방지" finished-at="2023-12-01T10:19:25Z" duration-ms="1003" status="PASS">
          <reporter-output>
          </reporter-output>
        </test-method> <!-- import자삭방지 -->
        <test-method is-config="true" signature="afterTest()[pri:0, instance:TestExample.BlogTest@4afcd809]" started-at="2023-12-01T10:19:25Z" name="afterTest" finished-at="2023-12-01T10:19:30Z" duration-ms="5005" status="PASS">
          <reporter-output>
          </reporter-output>
        </test-method> <!-- afterTest -->
      </class> <!-- TestExample.BlogTest -->
    </test> <!-- Test -->
  </suite> <!-- Suite -->
</testng-results>
